[2023-09-05 12:43:17] local.INFO: Detected N+1 Query  
[2023-09-05 12:43:17] local.INFO: Model: Modules\Menu\Entities\Menu
Relation: Modules\Menu\Entities\MenuItem
Num-Called: 4
Call-Stack:
#13 \Modules\Menu\Entities\Menu.php:58
#14 \Modules\Menu\MegaMenu\MegaMenu.php:29
#15 \Modules\Menu\MegaMenu\MegaMenu.php:21
#16 \vendor\laravel\framework\src\Illuminate\Cache\Repository.php:438
#17 \Modules\Menu\MegaMenu\MegaMenu.php:24
#18 \storage\framework\views\838429e1b594468164a7d924f12377ca12f81d03.php:3
#20 \vendor\laravel\framework\src\Illuminate\Filesystem\Filesystem.php:110
#21 \vendor\laravel\framework\src\Illuminate\View\Engines\PhpEngine.php:58
#22 \vendor\laravel\framework\src\Illuminate\View\Engines\CompilerEngine.php:70
#23 \vendor\laravel\framework\src\Illuminate\View\View.php:195
#24 \vendor\laravel\framework\src\Illuminate\View\View.php:178
#25 \vendor\laravel\framework\src\Illuminate\View\View.php:147
#26 \storage\framework\views\c01ef053d465a47939dd676f5205eb02fc702e8f.php:5
#28 \vendor\laravel\framework\src\Illuminate\Filesystem\Filesystem.php:110
#29 \vendor\laravel\framework\src\Illuminate\View\Engines\PhpEngine.php:58
#30 \vendor\laravel\framework\src\Illuminate\View\Engines\CompilerEngine.php:70
#31 \vendor\laravel\framework\src\Illuminate\View\View.php:195
#32 \vendor\laravel\framework\src\Illuminate\View\View.php:178
#33 \vendor\laravel\framework\src\Illuminate\View\View.php:147
#34 \storage\framework\views\2304d514531ce8e7cd3044d87287f766c5cf8106.php:95
#36 \vendor\laravel\framework\src\Illuminate\Filesystem\Filesystem.php:110
#37 \vendor\laravel\framework\src\Illuminate\View\Engines\PhpEngine.php:58
#38 \vendor\laravel\framework\src\Illuminate\View\Engines\CompilerEngine.php:70
#39 \vendor\laravel\framework\src\Illuminate\View\View.php:195
#40 \vendor\laravel\framework\src\Illuminate\View\View.php:178
#41 \vendor\laravel\framework\src\Illuminate\View\View.php:147
#42 \storage\framework\views\812c0d865c50cdf016eff35a433a6c5aedd57d43.php:28
#44 \vendor\laravel\framework\src\Illuminate\Filesystem\Filesystem.php:110
#45 \vendor\laravel\framework\src\Illuminate\View\Engines\PhpEngine.php:58
#46 \vendor\laravel\framework\src\Illuminate\View\Engines\CompilerEngine.php:70
#47 \vendor\laravel\framework\src\Illuminate\View\View.php:195
#48 \vendor\laravel\framework\src\Illuminate\View\View.php:178
#49 \vendor\laravel\framework\src\Illuminate\View\View.php:147
  
[2023-09-05 12:43:17] local.INFO: Model: Modules\Menu\Entities\MenuItem
Relation: Modules\Category\Entities\Category
Num-Called: 3
Call-Stack:
#18 \Modules\Menu\Entities\Menu.php:58
#19 \Modules\Menu\MegaMenu\MegaMenu.php:29
#20 \Modules\Menu\MegaMenu\MegaMenu.php:21
#21 \vendor\laravel\framework\src\Illuminate\Cache\Repository.php:438
#22 \Modules\Menu\MegaMenu\MegaMenu.php:24
#23 \storage\framework\views\838429e1b594468164a7d924f12377ca12f81d03.php:3
#25 \vendor\laravel\framework\src\Illuminate\Filesystem\Filesystem.php:110
#26 \vendor\laravel\framework\src\Illuminate\View\Engines\PhpEngine.php:58
#27 \vendor\laravel\framework\src\Illuminate\View\Engines\CompilerEngine.php:70
#28 \vendor\laravel\framework\src\Illuminate\View\View.php:195
#29 \vendor\laravel\framework\src\Illuminate\View\View.php:178
#30 \vendor\laravel\framework\src\Illuminate\View\View.php:147
#31 \storage\framework\views\c01ef053d465a47939dd676f5205eb02fc702e8f.php:5
#33 \vendor\laravel\framework\src\Illuminate\Filesystem\Filesystem.php:110
#34 \vendor\laravel\framework\src\Illuminate\View\Engines\PhpEngine.php:58
#35 \vendor\laravel\framework\src\Illuminate\View\Engines\CompilerEngine.php:70
#36 \vendor\laravel\framework\src\Illuminate\View\View.php:195
#37 \vendor\laravel\framework\src\Illuminate\View\View.php:178
#38 \vendor\laravel\framework\src\Illuminate\View\View.php:147
#39 \storage\framework\views\2304d514531ce8e7cd3044d87287f766c5cf8106.php:95
#41 \vendor\laravel\framework\src\Illuminate\Filesystem\Filesystem.php:110
#42 \vendor\laravel\framework\src\Illuminate\View\Engines\PhpEngine.php:58
#43 \vendor\laravel\framework\src\Illuminate\View\Engines\CompilerEngine.php:70
#44 \vendor\laravel\framework\src\Illuminate\View\View.php:195
#45 \vendor\laravel\framework\src\Illuminate\View\View.php:178
#46 \vendor\laravel\framework\src\Illuminate\View\View.php:147
#47 \storage\framework\views\812c0d865c50cdf016eff35a433a6c5aedd57d43.php:28
#49 \vendor\laravel\framework\src\Illuminate\Filesystem\Filesystem.php:110
  
[2023-09-05 12:43:17] local.INFO: Model: Modules\Menu\Entities\Menu
Relation: Modules\Menu\Entities\MenuTranslation
Num-Called: 2
Call-Stack:
#20 \vendor\laravel\framework\src\Illuminate\Support\Traits\ForwardsCalls.php:23
#23 \Modules\Menu\Entities\Menu.php:55
#24 \Modules\Menu\MegaMenu\MegaMenu.php:29
#25 \Modules\Menu\MegaMenu\MegaMenu.php:21
#26 \vendor\laravel\framework\src\Illuminate\Cache\Repository.php:438
#27 \Modules\Menu\MegaMenu\MegaMenu.php:24
#28 \storage\framework\views\838429e1b594468164a7d924f12377ca12f81d03.php:3
#30 \vendor\laravel\framework\src\Illuminate\Filesystem\Filesystem.php:110
#31 \vendor\laravel\framework\src\Illuminate\View\Engines\PhpEngine.php:58
#32 \vendor\laravel\framework\src\Illuminate\View\Engines\CompilerEngine.php:70
#33 \vendor\laravel\framework\src\Illuminate\View\View.php:195
#34 \vendor\laravel\framework\src\Illuminate\View\View.php:178
#35 \vendor\laravel\framework\src\Illuminate\View\View.php:147
#36 \storage\framework\views\c01ef053d465a47939dd676f5205eb02fc702e8f.php:5
#38 \vendor\laravel\framework\src\Illuminate\Filesystem\Filesystem.php:110
#39 \vendor\laravel\framework\src\Illuminate\View\Engines\PhpEngine.php:58
#40 \vendor\laravel\framework\src\Illuminate\View\Engines\CompilerEngine.php:70
#41 \vendor\laravel\framework\src\Illuminate\View\View.php:195
#42 \vendor\laravel\framework\src\Illuminate\View\View.php:178
#43 \vendor\laravel\framework\src\Illuminate\View\View.php:147
#44 \storage\framework\views\2304d514531ce8e7cd3044d87287f766c5cf8106.php:95
#46 \vendor\laravel\framework\src\Illuminate\Filesystem\Filesystem.php:110
#47 \vendor\laravel\framework\src\Illuminate\View\Engines\PhpEngine.php:58
#48 \vendor\laravel\framework\src\Illuminate\View\Engines\CompilerEngine.php:70
#49 \vendor\laravel\framework\src\Illuminate\View\View.php:195
  
[2023-09-05 12:43:17] local.INFO: Model: Modules\Menu\Entities\MenuItem
Relation: Modules\Menu\Entities\MenuItemTranslation
Num-Called: 2
Call-Stack:
#18 \Modules\Menu\Entities\Menu.php:58
#19 \Modules\Menu\MegaMenu\MegaMenu.php:29
#20 \Modules\Menu\MegaMenu\MegaMenu.php:21
#21 \vendor\laravel\framework\src\Illuminate\Cache\Repository.php:438
#22 \Modules\Menu\MegaMenu\MegaMenu.php:24
#23 \storage\framework\views\838429e1b594468164a7d924f12377ca12f81d03.php:3
#25 \vendor\laravel\framework\src\Illuminate\Filesystem\Filesystem.php:110
#26 \vendor\laravel\framework\src\Illuminate\View\Engines\PhpEngine.php:58
#27 \vendor\laravel\framework\src\Illuminate\View\Engines\CompilerEngine.php:70
#28 \vendor\laravel\framework\src\Illuminate\View\View.php:195
#29 \vendor\laravel\framework\src\Illuminate\View\View.php:178
#30 \vendor\laravel\framework\src\Illuminate\View\View.php:147
#31 \storage\framework\views\c01ef053d465a47939dd676f5205eb02fc702e8f.php:5
#33 \vendor\laravel\framework\src\Illuminate\Filesystem\Filesystem.php:110
#34 \vendor\laravel\framework\src\Illuminate\View\Engines\PhpEngine.php:58
#35 \vendor\laravel\framework\src\Illuminate\View\Engines\CompilerEngine.php:70
#36 \vendor\laravel\framework\src\Illuminate\View\View.php:195
#37 \vendor\laravel\framework\src\Illuminate\View\View.php:178
#38 \vendor\laravel\framework\src\Illuminate\View\View.php:147
#39 \storage\framework\views\2304d514531ce8e7cd3044d87287f766c5cf8106.php:95
#41 \vendor\laravel\framework\src\Illuminate\Filesystem\Filesystem.php:110
#42 \vendor\laravel\framework\src\Illuminate\View\Engines\PhpEngine.php:58
#43 \vendor\laravel\framework\src\Illuminate\View\Engines\CompilerEngine.php:70
#44 \vendor\laravel\framework\src\Illuminate\View\View.php:195
#45 \vendor\laravel\framework\src\Illuminate\View\View.php:178
#46 \vendor\laravel\framework\src\Illuminate\View\View.php:147
#47 \storage\framework\views\812c0d865c50cdf016eff35a433a6c5aedd57d43.php:28
#49 \vendor\laravel\framework\src\Illuminate\Filesystem\Filesystem.php:110
  
[2023-09-05 12:43:17] local.INFO: Model: Modules\Menu\Entities\MenuItem
Relation: Modules\Page\Entities\Page
Num-Called: 2
Call-Stack:
#18 \Modules\Menu\Entities\Menu.php:58
#19 \Modules\Menu\MegaMenu\MegaMenu.php:29
#20 \Modules\Menu\MegaMenu\MegaMenu.php:21
#21 \vendor\laravel\framework\src\Illuminate\Cache\Repository.php:438
#22 \Modules\Menu\MegaMenu\MegaMenu.php:24
#23 \storage\framework\views\838429e1b594468164a7d924f12377ca12f81d03.php:3
#25 \vendor\laravel\framework\src\Illuminate\Filesystem\Filesystem.php:110
#26 \vendor\laravel\framework\src\Illuminate\View\Engines\PhpEngine.php:58
#27 \vendor\laravel\framework\src\Illuminate\View\Engines\CompilerEngine.php:70
#28 \vendor\laravel\framework\src\Illuminate\View\View.php:195
#29 \vendor\laravel\framework\src\Illuminate\View\View.php:178
#30 \vendor\laravel\framework\src\Illuminate\View\View.php:147
#31 \storage\framework\views\c01ef053d465a47939dd676f5205eb02fc702e8f.php:5
#33 \vendor\laravel\framework\src\Illuminate\Filesystem\Filesystem.php:110
#34 \vendor\laravel\framework\src\Illuminate\View\Engines\PhpEngine.php:58
#35 \vendor\laravel\framework\src\Illuminate\View\Engines\CompilerEngine.php:70
#36 \vendor\laravel\framework\src\Illuminate\View\View.php:195
#37 \vendor\laravel\framework\src\Illuminate\View\View.php:178
#38 \vendor\laravel\framework\src\Illuminate\View\View.php:147
#39 \storage\framework\views\2304d514531ce8e7cd3044d87287f766c5cf8106.php:95
#41 \vendor\laravel\framework\src\Illuminate\Filesystem\Filesystem.php:110
#42 \vendor\laravel\framework\src\Illuminate\View\Engines\PhpEngine.php:58
#43 \vendor\laravel\framework\src\Illuminate\View\Engines\CompilerEngine.php:70
#44 \vendor\laravel\framework\src\Illuminate\View\View.php:195
#45 \vendor\laravel\framework\src\Illuminate\View\View.php:178
#46 \vendor\laravel\framework\src\Illuminate\View\View.php:147
#47 \storage\framework\views\812c0d865c50cdf016eff35a433a6c5aedd57d43.php:28
#49 \vendor\laravel\framework\src\Illuminate\Filesystem\Filesystem.php:110
  
[2023-09-05 12:43:17] local.INFO: Model: Modules\Page\Entities\Page
Relation: Modules\Page\Entities\PageTranslation
Num-Called: 2
Call-Stack:
#23 \Modules\Menu\Entities\Menu.php:58
#24 \Modules\Menu\MegaMenu\MegaMenu.php:29
#25 \Modules\Menu\MegaMenu\MegaMenu.php:21
#26 \vendor\laravel\framework\src\Illuminate\Cache\Repository.php:438
#27 \Modules\Menu\MegaMenu\MegaMenu.php:24
#28 \storage\framework\views\838429e1b594468164a7d924f12377ca12f81d03.php:3
#30 \vendor\laravel\framework\src\Illuminate\Filesystem\Filesystem.php:110
#31 \vendor\laravel\framework\src\Illuminate\View\Engines\PhpEngine.php:58
#32 \vendor\laravel\framework\src\Illuminate\View\Engines\CompilerEngine.php:70
#33 \vendor\laravel\framework\src\Illuminate\View\View.php:195
#34 \vendor\laravel\framework\src\Illuminate\View\View.php:178
#35 \vendor\laravel\framework\src\Illuminate\View\View.php:147
#36 \storage\framework\views\c01ef053d465a47939dd676f5205eb02fc702e8f.php:5
#38 \vendor\laravel\framework\src\Illuminate\Filesystem\Filesystem.php:110
#39 \vendor\laravel\framework\src\Illuminate\View\Engines\PhpEngine.php:58
#40 \vendor\laravel\framework\src\Illuminate\View\Engines\CompilerEngine.php:70
#41 \vendor\laravel\framework\src\Illuminate\View\View.php:195
#42 \vendor\laravel\framework\src\Illuminate\View\View.php:178
#43 \vendor\laravel\framework\src\Illuminate\View\View.php:147
#44 \storage\framework\views\2304d514531ce8e7cd3044d87287f766c5cf8106.php:95
#46 \vendor\laravel\framework\src\Illuminate\Filesystem\Filesystem.php:110
#47 \vendor\laravel\framework\src\Illuminate\View\Engines\PhpEngine.php:58
#48 \vendor\laravel\framework\src\Illuminate\View\Engines\CompilerEngine.php:70
#49 \vendor\laravel\framework\src\Illuminate\View\View.php:195
  
[2023-09-05 12:43:17] local.INFO: Model: Modules\Menu\Entities\MenuItem
Relation: Modules\Media\Entities\File
Num-Called: 2
Call-Stack:
#17 \Modules\Menu\Entities\Menu.php:58
#18 \Modules\Menu\MegaMenu\MegaMenu.php:29
#19 \Modules\Menu\MegaMenu\MegaMenu.php:21
#20 \vendor\laravel\framework\src\Illuminate\Cache\Repository.php:438
#21 \Modules\Menu\MegaMenu\MegaMenu.php:24
#22 \storage\framework\views\838429e1b594468164a7d924f12377ca12f81d03.php:3
#24 \vendor\laravel\framework\src\Illuminate\Filesystem\Filesystem.php:110
#25 \vendor\laravel\framework\src\Illuminate\View\Engines\PhpEngine.php:58
#26 \vendor\laravel\framework\src\Illuminate\View\Engines\CompilerEngine.php:70
#27 \vendor\laravel\framework\src\Illuminate\View\View.php:195
#28 \vendor\laravel\framework\src\Illuminate\View\View.php:178
#29 \vendor\laravel\framework\src\Illuminate\View\View.php:147
#30 \storage\framework\views\c01ef053d465a47939dd676f5205eb02fc702e8f.php:5
#32 \vendor\laravel\framework\src\Illuminate\Filesystem\Filesystem.php:110
#33 \vendor\laravel\framework\src\Illuminate\View\Engines\PhpEngine.php:58
#34 \vendor\laravel\framework\src\Illuminate\View\Engines\CompilerEngine.php:70
#35 \vendor\laravel\framework\src\Illuminate\View\View.php:195
#36 \vendor\laravel\framework\src\Illuminate\View\View.php:178
#37 \vendor\laravel\framework\src\Illuminate\View\View.php:147
#38 \storage\framework\views\2304d514531ce8e7cd3044d87287f766c5cf8106.php:95
#40 \vendor\laravel\framework\src\Illuminate\Filesystem\Filesystem.php:110
#41 \vendor\laravel\framework\src\Illuminate\View\Engines\PhpEngine.php:58
#42 \vendor\laravel\framework\src\Illuminate\View\Engines\CompilerEngine.php:70
#43 \vendor\laravel\framework\src\Illuminate\View\View.php:195
#44 \vendor\laravel\framework\src\Illuminate\View\View.php:178
#45 \vendor\laravel\framework\src\Illuminate\View\View.php:147
#46 \storage\framework\views\812c0d865c50cdf016eff35a433a6c5aedd57d43.php:28
#48 \vendor\laravel\framework\src\Illuminate\Filesystem\Filesystem.php:110
#49 \vendor\laravel\framework\src\Illuminate\View\Engines\PhpEngine.php:58
  
[2023-09-05 13:56:52] local.INFO: Detected N+1 Query  
[2023-09-05 13:56:52] local.INFO: Model: Modules\Menu\Entities\Menu
Relation: Modules\Menu\Entities\MenuItem
Num-Called: 4
Call-Stack:
#13 \Modules\Menu\Entities\Menu.php:58
#14 \Modules\Menu\MegaMenu\MegaMenu.php:29
#15 \Modules\Menu\MegaMenu\MegaMenu.php:21
#16 \vendor\laravel\framework\src\Illuminate\Cache\Repository.php:438
#17 \Modules\Menu\MegaMenu\MegaMenu.php:24
#18 \storage\framework\views\838429e1b594468164a7d924f12377ca12f81d03.php:3
#20 \vendor\laravel\framework\src\Illuminate\Filesystem\Filesystem.php:110
#21 \vendor\laravel\framework\src\Illuminate\View\Engines\PhpEngine.php:58
#22 \vendor\laravel\framework\src\Illuminate\View\Engines\CompilerEngine.php:70
#23 \vendor\laravel\framework\src\Illuminate\View\View.php:195
#24 \vendor\laravel\framework\src\Illuminate\View\View.php:178
#25 \vendor\laravel\framework\src\Illuminate\View\View.php:147
#26 \storage\framework\views\c01ef053d465a47939dd676f5205eb02fc702e8f.php:5
#28 \vendor\laravel\framework\src\Illuminate\Filesystem\Filesystem.php:110
#29 \vendor\laravel\framework\src\Illuminate\View\Engines\PhpEngine.php:58
#30 \vendor\laravel\framework\src\Illuminate\View\Engines\CompilerEngine.php:70
#31 \vendor\laravel\framework\src\Illuminate\View\View.php:195
#32 \vendor\laravel\framework\src\Illuminate\View\View.php:178
#33 \vendor\laravel\framework\src\Illuminate\View\View.php:147
#34 \storage\framework\views\2304d514531ce8e7cd3044d87287f766c5cf8106.php:95
#36 \vendor\laravel\framework\src\Illuminate\Filesystem\Filesystem.php:110
#37 \vendor\laravel\framework\src\Illuminate\View\Engines\PhpEngine.php:58
#38 \vendor\laravel\framework\src\Illuminate\View\Engines\CompilerEngine.php:70
#39 \vendor\laravel\framework\src\Illuminate\View\View.php:195
#40 \vendor\laravel\framework\src\Illuminate\View\View.php:178
#41 \vendor\laravel\framework\src\Illuminate\View\View.php:147
#42 \storage\framework\views\4aafc259127b50677ee5525949638d8bdca3e2df.php:59
#44 \vendor\laravel\framework\src\Illuminate\Filesystem\Filesystem.php:110
#45 \vendor\laravel\framework\src\Illuminate\View\Engines\PhpEngine.php:58
#46 \vendor\laravel\framework\src\Illuminate\View\Engines\CompilerEngine.php:70
#47 \vendor\laravel\framework\src\Illuminate\View\View.php:195
#48 \vendor\laravel\framework\src\Illuminate\View\View.php:178
#49 \vendor\laravel\framework\src\Illuminate\View\View.php:147
  
[2023-09-05 13:56:52] local.INFO: Model: Modules\Menu\Entities\MenuItem
Relation: Modules\Category\Entities\Category
Num-Called: 3
Call-Stack:
#18 \Modules\Menu\Entities\Menu.php:58
#19 \Modules\Menu\MegaMenu\MegaMenu.php:29
#20 \Modules\Menu\MegaMenu\MegaMenu.php:21
#21 \vendor\laravel\framework\src\Illuminate\Cache\Repository.php:438
#22 \Modules\Menu\MegaMenu\MegaMenu.php:24
#23 \storage\framework\views\838429e1b594468164a7d924f12377ca12f81d03.php:3
#25 \vendor\laravel\framework\src\Illuminate\Filesystem\Filesystem.php:110
#26 \vendor\laravel\framework\src\Illuminate\View\Engines\PhpEngine.php:58
#27 \vendor\laravel\framework\src\Illuminate\View\Engines\CompilerEngine.php:70
#28 \vendor\laravel\framework\src\Illuminate\View\View.php:195
#29 \vendor\laravel\framework\src\Illuminate\View\View.php:178
#30 \vendor\laravel\framework\src\Illuminate\View\View.php:147
#31 \storage\framework\views\c01ef053d465a47939dd676f5205eb02fc702e8f.php:5
#33 \vendor\laravel\framework\src\Illuminate\Filesystem\Filesystem.php:110
#34 \vendor\laravel\framework\src\Illuminate\View\Engines\PhpEngine.php:58
#35 \vendor\laravel\framework\src\Illuminate\View\Engines\CompilerEngine.php:70
#36 \vendor\laravel\framework\src\Illuminate\View\View.php:195
#37 \vendor\laravel\framework\src\Illuminate\View\View.php:178
#38 \vendor\laravel\framework\src\Illuminate\View\View.php:147
#39 \storage\framework\views\2304d514531ce8e7cd3044d87287f766c5cf8106.php:95
#41 \vendor\laravel\framework\src\Illuminate\Filesystem\Filesystem.php:110
#42 \vendor\laravel\framework\src\Illuminate\View\Engines\PhpEngine.php:58
#43 \vendor\laravel\framework\src\Illuminate\View\Engines\CompilerEngine.php:70
#44 \vendor\laravel\framework\src\Illuminate\View\View.php:195
#45 \vendor\laravel\framework\src\Illuminate\View\View.php:178
#46 \vendor\laravel\framework\src\Illuminate\View\View.php:147
#47 \storage\framework\views\4aafc259127b50677ee5525949638d8bdca3e2df.php:59
#49 \vendor\laravel\framework\src\Illuminate\Filesystem\Filesystem.php:110
  
[2023-09-05 13:56:52] local.INFO: Model: Modules\Menu\Entities\Menu
Relation: Modules\Menu\Entities\MenuTranslation
Num-Called: 2
Call-Stack:
#20 \vendor\laravel\framework\src\Illuminate\Support\Traits\ForwardsCalls.php:23
#23 \Modules\Menu\Entities\Menu.php:55
#24 \Modules\Menu\MegaMenu\MegaMenu.php:29
#25 \Modules\Menu\MegaMenu\MegaMenu.php:21
#26 \vendor\laravel\framework\src\Illuminate\Cache\Repository.php:438
#27 \Modules\Menu\MegaMenu\MegaMenu.php:24
#28 \storage\framework\views\838429e1b594468164a7d924f12377ca12f81d03.php:3
#30 \vendor\laravel\framework\src\Illuminate\Filesystem\Filesystem.php:110
#31 \vendor\laravel\framework\src\Illuminate\View\Engines\PhpEngine.php:58
#32 \vendor\laravel\framework\src\Illuminate\View\Engines\CompilerEngine.php:70
#33 \vendor\laravel\framework\src\Illuminate\View\View.php:195
#34 \vendor\laravel\framework\src\Illuminate\View\View.php:178
#35 \vendor\laravel\framework\src\Illuminate\View\View.php:147
#36 \storage\framework\views\c01ef053d465a47939dd676f5205eb02fc702e8f.php:5
#38 \vendor\laravel\framework\src\Illuminate\Filesystem\Filesystem.php:110
#39 \vendor\laravel\framework\src\Illuminate\View\Engines\PhpEngine.php:58
#40 \vendor\laravel\framework\src\Illuminate\View\Engines\CompilerEngine.php:70
#41 \vendor\laravel\framework\src\Illuminate\View\View.php:195
#42 \vendor\laravel\framework\src\Illuminate\View\View.php:178
#43 \vendor\laravel\framework\src\Illuminate\View\View.php:147
#44 \storage\framework\views\2304d514531ce8e7cd3044d87287f766c5cf8106.php:95
#46 \vendor\laravel\framework\src\Illuminate\Filesystem\Filesystem.php:110
#47 \vendor\laravel\framework\src\Illuminate\View\Engines\PhpEngine.php:58
#48 \vendor\laravel\framework\src\Illuminate\View\Engines\CompilerEngine.php:70
#49 \vendor\laravel\framework\src\Illuminate\View\View.php:195
  
[2023-09-05 13:56:52] local.INFO: Model: Modules\Menu\Entities\MenuItem
Relation: Modules\Menu\Entities\MenuItemTranslation
Num-Called: 2
Call-Stack:
#18 \Modules\Menu\Entities\Menu.php:58
#19 \Modules\Menu\MegaMenu\MegaMenu.php:29
#20 \Modules\Menu\MegaMenu\MegaMenu.php:21
#21 \vendor\laravel\framework\src\Illuminate\Cache\Repository.php:438
#22 \Modules\Menu\MegaMenu\MegaMenu.php:24
#23 \storage\framework\views\838429e1b594468164a7d924f12377ca12f81d03.php:3
#25 \vendor\laravel\framework\src\Illuminate\Filesystem\Filesystem.php:110
#26 \vendor\laravel\framework\src\Illuminate\View\Engines\PhpEngine.php:58
#27 \vendor\laravel\framework\src\Illuminate\View\Engines\CompilerEngine.php:70
#28 \vendor\laravel\framework\src\Illuminate\View\View.php:195
#29 \vendor\laravel\framework\src\Illuminate\View\View.php:178
#30 \vendor\laravel\framework\src\Illuminate\View\View.php:147
#31 \storage\framework\views\c01ef053d465a47939dd676f5205eb02fc702e8f.php:5
#33 \vendor\laravel\framework\src\Illuminate\Filesystem\Filesystem.php:110
#34 \vendor\laravel\framework\src\Illuminate\View\Engines\PhpEngine.php:58
#35 \vendor\laravel\framework\src\Illuminate\View\Engines\CompilerEngine.php:70
#36 \vendor\laravel\framework\src\Illuminate\View\View.php:195
#37 \vendor\laravel\framework\src\Illuminate\View\View.php:178
#38 \vendor\laravel\framework\src\Illuminate\View\View.php:147
#39 \storage\framework\views\2304d514531ce8e7cd3044d87287f766c5cf8106.php:95
#41 \vendor\laravel\framework\src\Illuminate\Filesystem\Filesystem.php:110
#42 \vendor\laravel\framework\src\Illuminate\View\Engines\PhpEngine.php:58
#43 \vendor\laravel\framework\src\Illuminate\View\Engines\CompilerEngine.php:70
#44 \vendor\laravel\framework\src\Illuminate\View\View.php:195
#45 \vendor\laravel\framework\src\Illuminate\View\View.php:178
#46 \vendor\laravel\framework\src\Illuminate\View\View.php:147
#47 \storage\framework\views\4aafc259127b50677ee5525949638d8bdca3e2df.php:59
#49 \vendor\laravel\framework\src\Illuminate\Filesystem\Filesystem.php:110
  
[2023-09-05 13:56:52] local.INFO: Model: Modules\Menu\Entities\MenuItem
Relation: Modules\Page\Entities\Page
Num-Called: 2
Call-Stack:
#18 \Modules\Menu\Entities\Menu.php:58
#19 \Modules\Menu\MegaMenu\MegaMenu.php:29
#20 \Modules\Menu\MegaMenu\MegaMenu.php:21
#21 \vendor\laravel\framework\src\Illuminate\Cache\Repository.php:438
#22 \Modules\Menu\MegaMenu\MegaMenu.php:24
#23 \storage\framework\views\838429e1b594468164a7d924f12377ca12f81d03.php:3
#25 \vendor\laravel\framework\src\Illuminate\Filesystem\Filesystem.php:110
#26 \vendor\laravel\framework\src\Illuminate\View\Engines\PhpEngine.php:58
#27 \vendor\laravel\framework\src\Illuminate\View\Engines\CompilerEngine.php:70
#28 \vendor\laravel\framework\src\Illuminate\View\View.php:195
#29 \vendor\laravel\framework\src\Illuminate\View\View.php:178
#30 \vendor\laravel\framework\src\Illuminate\View\View.php:147
#31 \storage\framework\views\c01ef053d465a47939dd676f5205eb02fc702e8f.php:5
#33 \vendor\laravel\framework\src\Illuminate\Filesystem\Filesystem.php:110
#34 \vendor\laravel\framework\src\Illuminate\View\Engines\PhpEngine.php:58
#35 \vendor\laravel\framework\src\Illuminate\View\Engines\CompilerEngine.php:70
#36 \vendor\laravel\framework\src\Illuminate\View\View.php:195
#37 \vendor\laravel\framework\src\Illuminate\View\View.php:178
#38 \vendor\laravel\framework\src\Illuminate\View\View.php:147
#39 \storage\framework\views\2304d514531ce8e7cd3044d87287f766c5cf8106.php:95
#41 \vendor\laravel\framework\src\Illuminate\Filesystem\Filesystem.php:110
#42 \vendor\laravel\framework\src\Illuminate\View\Engines\PhpEngine.php:58
#43 \vendor\laravel\framework\src\Illuminate\View\Engines\CompilerEngine.php:70
#44 \vendor\laravel\framework\src\Illuminate\View\View.php:195
#45 \vendor\laravel\framework\src\Illuminate\View\View.php:178
#46 \vendor\laravel\framework\src\Illuminate\View\View.php:147
#47 \storage\framework\views\4aafc259127b50677ee5525949638d8bdca3e2df.php:59
#49 \vendor\laravel\framework\src\Illuminate\Filesystem\Filesystem.php:110
  
[2023-09-05 13:56:52] local.INFO: Model: Modules\Page\Entities\Page
Relation: Modules\Page\Entities\PageTranslation
Num-Called: 2
Call-Stack:
#23 \Modules\Menu\Entities\Menu.php:58
#24 \Modules\Menu\MegaMenu\MegaMenu.php:29
#25 \Modules\Menu\MegaMenu\MegaMenu.php:21
#26 \vendor\laravel\framework\src\Illuminate\Cache\Repository.php:438
#27 \Modules\Menu\MegaMenu\MegaMenu.php:24
#28 \storage\framework\views\838429e1b594468164a7d924f12377ca12f81d03.php:3
#30 \vendor\laravel\framework\src\Illuminate\Filesystem\Filesystem.php:110
#31 \vendor\laravel\framework\src\Illuminate\View\Engines\PhpEngine.php:58
#32 \vendor\laravel\framework\src\Illuminate\View\Engines\CompilerEngine.php:70
#33 \vendor\laravel\framework\src\Illuminate\View\View.php:195
#34 \vendor\laravel\framework\src\Illuminate\View\View.php:178
#35 \vendor\laravel\framework\src\Illuminate\View\View.php:147
#36 \storage\framework\views\c01ef053d465a47939dd676f5205eb02fc702e8f.php:5
#38 \vendor\laravel\framework\src\Illuminate\Filesystem\Filesystem.php:110
#39 \vendor\laravel\framework\src\Illuminate\View\Engines\PhpEngine.php:58
#40 \vendor\laravel\framework\src\Illuminate\View\Engines\CompilerEngine.php:70
#41 \vendor\laravel\framework\src\Illuminate\View\View.php:195
#42 \vendor\laravel\framework\src\Illuminate\View\View.php:178
#43 \vendor\laravel\framework\src\Illuminate\View\View.php:147
#44 \storage\framework\views\2304d514531ce8e7cd3044d87287f766c5cf8106.php:95
#46 \vendor\laravel\framework\src\Illuminate\Filesystem\Filesystem.php:110
#47 \vendor\laravel\framework\src\Illuminate\View\Engines\PhpEngine.php:58
#48 \vendor\laravel\framework\src\Illuminate\View\Engines\CompilerEngine.php:70
#49 \vendor\laravel\framework\src\Illuminate\View\View.php:195
  
[2023-09-05 13:56:52] local.INFO: Model: Modules\Menu\Entities\MenuItem
Relation: Modules\Media\Entities\File
Num-Called: 2
Call-Stack:
#17 \Modules\Menu\Entities\Menu.php:58
#18 \Modules\Menu\MegaMenu\MegaMenu.php:29
#19 \Modules\Menu\MegaMenu\MegaMenu.php:21
#20 \vendor\laravel\framework\src\Illuminate\Cache\Repository.php:438
#21 \Modules\Menu\MegaMenu\MegaMenu.php:24
#22 \storage\framework\views\838429e1b594468164a7d924f12377ca12f81d03.php:3
#24 \vendor\laravel\framework\src\Illuminate\Filesystem\Filesystem.php:110
#25 \vendor\laravel\framework\src\Illuminate\View\Engines\PhpEngine.php:58
#26 \vendor\laravel\framework\src\Illuminate\View\Engines\CompilerEngine.php:70
#27 \vendor\laravel\framework\src\Illuminate\View\View.php:195
#28 \vendor\laravel\framework\src\Illuminate\View\View.php:178
#29 \vendor\laravel\framework\src\Illuminate\View\View.php:147
#30 \storage\framework\views\c01ef053d465a47939dd676f5205eb02fc702e8f.php:5
#32 \vendor\laravel\framework\src\Illuminate\Filesystem\Filesystem.php:110
#33 \vendor\laravel\framework\src\Illuminate\View\Engines\PhpEngine.php:58
#34 \vendor\laravel\framework\src\Illuminate\View\Engines\CompilerEngine.php:70
#35 \vendor\laravel\framework\src\Illuminate\View\View.php:195
#36 \vendor\laravel\framework\src\Illuminate\View\View.php:178
#37 \vendor\laravel\framework\src\Illuminate\View\View.php:147
#38 \storage\framework\views\2304d514531ce8e7cd3044d87287f766c5cf8106.php:95
#40 \vendor\laravel\framework\src\Illuminate\Filesystem\Filesystem.php:110
#41 \vendor\laravel\framework\src\Illuminate\View\Engines\PhpEngine.php:58
#42 \vendor\laravel\framework\src\Illuminate\View\Engines\CompilerEngine.php:70
#43 \vendor\laravel\framework\src\Illuminate\View\View.php:195
#44 \vendor\laravel\framework\src\Illuminate\View\View.php:178
#45 \vendor\laravel\framework\src\Illuminate\View\View.php:147
#46 \storage\framework\views\4aafc259127b50677ee5525949638d8bdca3e2df.php:59
#48 \vendor\laravel\framework\src\Illuminate\Filesystem\Filesystem.php:110
#49 \vendor\laravel\framework\src\Illuminate\View\Engines\PhpEngine.php:58
  
[2023-09-05 13:57:20] local.INFO: Detected N+1 Query  
[2023-09-05 13:57:20] local.INFO: Model: Modules\Product\Entities\Product
Relation: Modules\Product\Entities\ProductTranslation
Num-Called: 2
Call-Stack:
#20 \Modules\Cart\Http\Requests\StoreCartItemRequest.php:20
#21 \Modules\Core\Http\Requests\Request.php:62
#22 \Modules\Cart\Http\Requests\StoreCartItemRequest.php:99
#23 \vendor\laravel\framework\src\Illuminate\Foundation\Http\FormRequest.php:116
#24 \vendor\laravel\framework\src\Illuminate\Foundation\Http\FormRequest.php:92
#25 \vendor\laravel\framework\src\Illuminate\Validation\ValidatesWhenResolvedTrait.php:25
#26 \vendor\laravel\framework\src\Illuminate\Foundation\Providers\FormRequestServiceProvider.php:30
#27 \vendor\laravel\framework\src\Illuminate\Container\Container.php:1279
#28 \vendor\laravel\framework\src\Illuminate\Container\Container.php:1244
#29 \vendor\laravel\framework\src\Illuminate\Container\Container.php:1229
#30 \vendor\laravel\framework\src\Illuminate\Container\Container.php:790
#31 \vendor\laravel\framework\src\Illuminate\Foundation\Application.php:856
#32 \vendor\laravel\framework\src\Illuminate\Container\Container.php:706
#33 \vendor\laravel\framework\src\Illuminate\Foundation\Application.php:841
#34 \vendor\laravel\framework\src\Illuminate\Routing\RouteDependencyResolverTrait.php:85
#35 \vendor\laravel\framework\src\Illuminate\Routing\RouteDependencyResolverTrait.php:50
#36 \vendor\laravel\framework\src\Illuminate\Routing\RouteDependencyResolverTrait.php:30
#37 \vendor\laravel\framework\src\Illuminate\Routing\ControllerDispatcher.php:60
#38 \vendor\laravel\framework\src\Illuminate\Routing\ControllerDispatcher.php:40
#39 \vendor\laravel\framework\src\Illuminate\Routing\Route.php:260
#40 \vendor\laravel\framework\src\Illuminate\Routing\Route.php:205
#41 \vendor\laravel\framework\src\Illuminate\Routing\Router.php:798
#42 \vendor\laravel\framework\src\Illuminate\Pipeline\Pipeline.php:141
#43 \Modules\Cart\Http\Middleware\CheckProductIsInStock.php:43
#44 \vendor\laravel\framework\src\Illuminate\Pipeline\Pipeline.php:180
#45 \vendor\laravel\framework\src\Illuminate\Routing\Middleware\SubstituteBindings.php:50
#46 \vendor\laravel\framework\src\Illuminate\Pipeline\Pipeline.php:180
#47 \vendor\laravel\framework\src\Illuminate\Foundation\Http\Middleware\VerifyCsrfToken.php:78
#48 \vendor\laravel\framework\src\Illuminate\Pipeline\Pipeline.php:180
#49 \vendor\laravel\framework\src\Illuminate\View\Middleware\ShareErrorsFromSession.php:49
  
[2023-09-05 13:57:20] local.INFO: Model: Modules\Product\Entities\Product
Relation: Modules\Option\Entities\Option
Num-Called: 2
Call-Stack:
#19 \Modules\Cart\Http\Requests\StoreCartItemRequest.php:20
#20 \Modules\Core\Http\Requests\Request.php:62
#21 \Modules\Cart\Http\Requests\StoreCartItemRequest.php:99
#22 \vendor\laravel\framework\src\Illuminate\Foundation\Http\FormRequest.php:116
#23 \vendor\laravel\framework\src\Illuminate\Foundation\Http\FormRequest.php:92
#24 \vendor\laravel\framework\src\Illuminate\Validation\ValidatesWhenResolvedTrait.php:25
#25 \vendor\laravel\framework\src\Illuminate\Foundation\Providers\FormRequestServiceProvider.php:30
#26 \vendor\laravel\framework\src\Illuminate\Container\Container.php:1279
#27 \vendor\laravel\framework\src\Illuminate\Container\Container.php:1244
#28 \vendor\laravel\framework\src\Illuminate\Container\Container.php:1229
#29 \vendor\laravel\framework\src\Illuminate\Container\Container.php:790
#30 \vendor\laravel\framework\src\Illuminate\Foundation\Application.php:856
#31 \vendor\laravel\framework\src\Illuminate\Container\Container.php:706
#32 \vendor\laravel\framework\src\Illuminate\Foundation\Application.php:841
#33 \vendor\laravel\framework\src\Illuminate\Routing\RouteDependencyResolverTrait.php:85
#34 \vendor\laravel\framework\src\Illuminate\Routing\RouteDependencyResolverTrait.php:50
#35 \vendor\laravel\framework\src\Illuminate\Routing\RouteDependencyResolverTrait.php:30
#36 \vendor\laravel\framework\src\Illuminate\Routing\ControllerDispatcher.php:60
#37 \vendor\laravel\framework\src\Illuminate\Routing\ControllerDispatcher.php:40
#38 \vendor\laravel\framework\src\Illuminate\Routing\Route.php:260
#39 \vendor\laravel\framework\src\Illuminate\Routing\Route.php:205
#40 \vendor\laravel\framework\src\Illuminate\Routing\Router.php:798
#41 \vendor\laravel\framework\src\Illuminate\Pipeline\Pipeline.php:141
#42 \Modules\Cart\Http\Middleware\CheckProductIsInStock.php:43
#43 \vendor\laravel\framework\src\Illuminate\Pipeline\Pipeline.php:180
#44 \vendor\laravel\framework\src\Illuminate\Routing\Middleware\SubstituteBindings.php:50
#45 \vendor\laravel\framework\src\Illuminate\Pipeline\Pipeline.php:180
#46 \vendor\laravel\framework\src\Illuminate\Foundation\Http\Middleware\VerifyCsrfToken.php:78
#47 \vendor\laravel\framework\src\Illuminate\Pipeline\Pipeline.php:180
#48 \vendor\laravel\framework\src\Illuminate\View\Middleware\ShareErrorsFromSession.php:49
#49 \vendor\laravel\framework\src\Illuminate\Pipeline\Pipeline.php:180
  
[2023-09-05 13:57:20] local.INFO: Model: Modules\Option\Entities\Option
Relation: Modules\Option\Entities\OptionTranslation
Num-Called: 2
Call-Stack:
#24 \Modules\Cart\Http\Requests\StoreCartItemRequest.php:20
#25 \Modules\Core\Http\Requests\Request.php:62
#26 \Modules\Cart\Http\Requests\StoreCartItemRequest.php:99
#27 \vendor\laravel\framework\src\Illuminate\Foundation\Http\FormRequest.php:116
#28 \vendor\laravel\framework\src\Illuminate\Foundation\Http\FormRequest.php:92
#29 \vendor\laravel\framework\src\Illuminate\Validation\ValidatesWhenResolvedTrait.php:25
#30 \vendor\laravel\framework\src\Illuminate\Foundation\Providers\FormRequestServiceProvider.php:30
#31 \vendor\laravel\framework\src\Illuminate\Container\Container.php:1279
#32 \vendor\laravel\framework\src\Illuminate\Container\Container.php:1244
#33 \vendor\laravel\framework\src\Illuminate\Container\Container.php:1229
#34 \vendor\laravel\framework\src\Illuminate\Container\Container.php:790
#35 \vendor\laravel\framework\src\Illuminate\Foundation\Application.php:856
#36 \vendor\laravel\framework\src\Illuminate\Container\Container.php:706
#37 \vendor\laravel\framework\src\Illuminate\Foundation\Application.php:841
#38 \vendor\laravel\framework\src\Illuminate\Routing\RouteDependencyResolverTrait.php:85
#39 \vendor\laravel\framework\src\Illuminate\Routing\RouteDependencyResolverTrait.php:50
#40 \vendor\laravel\framework\src\Illuminate\Routing\RouteDependencyResolverTrait.php:30
#41 \vendor\laravel\framework\src\Illuminate\Routing\ControllerDispatcher.php:60
#42 \vendor\laravel\framework\src\Illuminate\Routing\ControllerDispatcher.php:40
#43 \vendor\laravel\framework\src\Illuminate\Routing\Route.php:260
#44 \vendor\laravel\framework\src\Illuminate\Routing\Route.php:205
#45 \vendor\laravel\framework\src\Illuminate\Routing\Router.php:798
#46 \vendor\laravel\framework\src\Illuminate\Pipeline\Pipeline.php:141
#47 \Modules\Cart\Http\Middleware\CheckProductIsInStock.php:43
#48 \vendor\laravel\framework\src\Illuminate\Pipeline\Pipeline.php:180
#49 \vendor\laravel\framework\src\Illuminate\Routing\Middleware\SubstituteBindings.php:50
  
[2023-09-05 13:57:20] local.INFO: Model: Modules\Option\Entities\Option
Relation: Modules\Option\Entities\OptionValue
Num-Called: 2
Call-Stack:
#24 \Modules\Cart\Http\Requests\StoreCartItemRequest.php:20
#25 \Modules\Core\Http\Requests\Request.php:62
#26 \Modules\Cart\Http\Requests\StoreCartItemRequest.php:99
#27 \vendor\laravel\framework\src\Illuminate\Foundation\Http\FormRequest.php:116
#28 \vendor\laravel\framework\src\Illuminate\Foundation\Http\FormRequest.php:92
#29 \vendor\laravel\framework\src\Illuminate\Validation\ValidatesWhenResolvedTrait.php:25
#30 \vendor\laravel\framework\src\Illuminate\Foundation\Providers\FormRequestServiceProvider.php:30
#31 \vendor\laravel\framework\src\Illuminate\Container\Container.php:1279
#32 \vendor\laravel\framework\src\Illuminate\Container\Container.php:1244
#33 \vendor\laravel\framework\src\Illuminate\Container\Container.php:1229
#34 \vendor\laravel\framework\src\Illuminate\Container\Container.php:790
#35 \vendor\laravel\framework\src\Illuminate\Foundation\Application.php:856
#36 \vendor\laravel\framework\src\Illuminate\Container\Container.php:706
#37 \vendor\laravel\framework\src\Illuminate\Foundation\Application.php:841
#38 \vendor\laravel\framework\src\Illuminate\Routing\RouteDependencyResolverTrait.php:85
#39 \vendor\laravel\framework\src\Illuminate\Routing\RouteDependencyResolverTrait.php:50
#40 \vendor\laravel\framework\src\Illuminate\Routing\RouteDependencyResolverTrait.php:30
#41 \vendor\laravel\framework\src\Illuminate\Routing\ControllerDispatcher.php:60
#42 \vendor\laravel\framework\src\Illuminate\Routing\ControllerDispatcher.php:40
#43 \vendor\laravel\framework\src\Illuminate\Routing\Route.php:260
#44 \vendor\laravel\framework\src\Illuminate\Routing\Route.php:205
#45 \vendor\laravel\framework\src\Illuminate\Routing\Router.php:798
#46 \vendor\laravel\framework\src\Illuminate\Pipeline\Pipeline.php:141
#47 \Modules\Cart\Http\Middleware\CheckProductIsInStock.php:43
#48 \vendor\laravel\framework\src\Illuminate\Pipeline\Pipeline.php:180
#49 \vendor\laravel\framework\src\Illuminate\Routing\Middleware\SubstituteBindings.php:50
  
[2023-09-05 13:57:20] local.INFO: Model: Modules\Option\Entities\OptionValue
Relation: Modules\Option\Entities\OptionValueTranslation
Num-Called: 2
Call-Stack:
#29 \Modules\Cart\Http\Requests\StoreCartItemRequest.php:20
#30 \Modules\Core\Http\Requests\Request.php:62
#31 \Modules\Cart\Http\Requests\StoreCartItemRequest.php:99
#32 \vendor\laravel\framework\src\Illuminate\Foundation\Http\FormRequest.php:116
#33 \vendor\laravel\framework\src\Illuminate\Foundation\Http\FormRequest.php:92
#34 \vendor\laravel\framework\src\Illuminate\Validation\ValidatesWhenResolvedTrait.php:25
#35 \vendor\laravel\framework\src\Illuminate\Foundation\Providers\FormRequestServiceProvider.php:30
#36 \vendor\laravel\framework\src\Illuminate\Container\Container.php:1279
#37 \vendor\laravel\framework\src\Illuminate\Container\Container.php:1244
#38 \vendor\laravel\framework\src\Illuminate\Container\Container.php:1229
#39 \vendor\laravel\framework\src\Illuminate\Container\Container.php:790
#40 \vendor\laravel\framework\src\Illuminate\Foundation\Application.php:856
#41 \vendor\laravel\framework\src\Illuminate\Container\Container.php:706
#42 \vendor\laravel\framework\src\Illuminate\Foundation\Application.php:841
#43 \vendor\laravel\framework\src\Illuminate\Routing\RouteDependencyResolverTrait.php:85
#44 \vendor\laravel\framework\src\Illuminate\Routing\RouteDependencyResolverTrait.php:50
#45 \vendor\laravel\framework\src\Illuminate\Routing\RouteDependencyResolverTrait.php:30
#46 \vendor\laravel\framework\src\Illuminate\Routing\ControllerDispatcher.php:60
#47 \vendor\laravel\framework\src\Illuminate\Routing\ControllerDispatcher.php:40
#48 \vendor\laravel\framework\src\Illuminate\Routing\Route.php:260
#49 \vendor\laravel\framework\src\Illuminate\Routing\Route.php:205
  
[2023-09-05 13:57:31] local.INFO: Detected N+1 Query  
[2023-09-05 13:57:31] local.INFO: Model: Modules\Product\Entities\Product
Relation: Modules\Product\Entities\ProductTranslation
Num-Called: 2
Call-Stack:
#20 \Modules\Cart\Http\Requests\StoreCartItemRequest.php:20
#21 \Modules\Core\Http\Requests\Request.php:62
#22 \Modules\Cart\Http\Requests\StoreCartItemRequest.php:99
#23 \vendor\laravel\framework\src\Illuminate\Foundation\Http\FormRequest.php:116
#24 \vendor\laravel\framework\src\Illuminate\Foundation\Http\FormRequest.php:92
#25 \vendor\laravel\framework\src\Illuminate\Validation\ValidatesWhenResolvedTrait.php:25
#26 \vendor\laravel\framework\src\Illuminate\Foundation\Providers\FormRequestServiceProvider.php:30
#27 \vendor\laravel\framework\src\Illuminate\Container\Container.php:1279
#28 \vendor\laravel\framework\src\Illuminate\Container\Container.php:1244
#29 \vendor\laravel\framework\src\Illuminate\Container\Container.php:1229
#30 \vendor\laravel\framework\src\Illuminate\Container\Container.php:790
#31 \vendor\laravel\framework\src\Illuminate\Foundation\Application.php:856
#32 \vendor\laravel\framework\src\Illuminate\Container\Container.php:706
#33 \vendor\laravel\framework\src\Illuminate\Foundation\Application.php:841
#34 \vendor\laravel\framework\src\Illuminate\Routing\RouteDependencyResolverTrait.php:85
#35 \vendor\laravel\framework\src\Illuminate\Routing\RouteDependencyResolverTrait.php:50
#36 \vendor\laravel\framework\src\Illuminate\Routing\RouteDependencyResolverTrait.php:30
#37 \vendor\laravel\framework\src\Illuminate\Routing\ControllerDispatcher.php:60
#38 \vendor\laravel\framework\src\Illuminate\Routing\ControllerDispatcher.php:40
#39 \vendor\laravel\framework\src\Illuminate\Routing\Route.php:260
#40 \vendor\laravel\framework\src\Illuminate\Routing\Route.php:205
#41 \vendor\laravel\framework\src\Illuminate\Routing\Router.php:798
#42 \vendor\laravel\framework\src\Illuminate\Pipeline\Pipeline.php:141
#43 \Modules\Cart\Http\Middleware\CheckProductIsInStock.php:43
#44 \vendor\laravel\framework\src\Illuminate\Pipeline\Pipeline.php:180
#45 \vendor\laravel\framework\src\Illuminate\Routing\Middleware\SubstituteBindings.php:50
#46 \vendor\laravel\framework\src\Illuminate\Pipeline\Pipeline.php:180
#47 \vendor\laravel\framework\src\Illuminate\Foundation\Http\Middleware\VerifyCsrfToken.php:78
#48 \vendor\laravel\framework\src\Illuminate\Pipeline\Pipeline.php:180
#49 \vendor\laravel\framework\src\Illuminate\View\Middleware\ShareErrorsFromSession.php:49
  
[2023-09-05 13:57:31] local.INFO: Model: Modules\Product\Entities\Product
Relation: Modules\Option\Entities\Option
Num-Called: 2
Call-Stack:
#19 \Modules\Cart\Http\Requests\StoreCartItemRequest.php:20
#20 \Modules\Core\Http\Requests\Request.php:62
#21 \Modules\Cart\Http\Requests\StoreCartItemRequest.php:99
#22 \vendor\laravel\framework\src\Illuminate\Foundation\Http\FormRequest.php:116
#23 \vendor\laravel\framework\src\Illuminate\Foundation\Http\FormRequest.php:92
#24 \vendor\laravel\framework\src\Illuminate\Validation\ValidatesWhenResolvedTrait.php:25
#25 \vendor\laravel\framework\src\Illuminate\Foundation\Providers\FormRequestServiceProvider.php:30
#26 \vendor\laravel\framework\src\Illuminate\Container\Container.php:1279
#27 \vendor\laravel\framework\src\Illuminate\Container\Container.php:1244
#28 \vendor\laravel\framework\src\Illuminate\Container\Container.php:1229
#29 \vendor\laravel\framework\src\Illuminate\Container\Container.php:790
#30 \vendor\laravel\framework\src\Illuminate\Foundation\Application.php:856
#31 \vendor\laravel\framework\src\Illuminate\Container\Container.php:706
#32 \vendor\laravel\framework\src\Illuminate\Foundation\Application.php:841
#33 \vendor\laravel\framework\src\Illuminate\Routing\RouteDependencyResolverTrait.php:85
#34 \vendor\laravel\framework\src\Illuminate\Routing\RouteDependencyResolverTrait.php:50
#35 \vendor\laravel\framework\src\Illuminate\Routing\RouteDependencyResolverTrait.php:30
#36 \vendor\laravel\framework\src\Illuminate\Routing\ControllerDispatcher.php:60
#37 \vendor\laravel\framework\src\Illuminate\Routing\ControllerDispatcher.php:40
#38 \vendor\laravel\framework\src\Illuminate\Routing\Route.php:260
#39 \vendor\laravel\framework\src\Illuminate\Routing\Route.php:205
#40 \vendor\laravel\framework\src\Illuminate\Routing\Router.php:798
#41 \vendor\laravel\framework\src\Illuminate\Pipeline\Pipeline.php:141
#42 \Modules\Cart\Http\Middleware\CheckProductIsInStock.php:43
#43 \vendor\laravel\framework\src\Illuminate\Pipeline\Pipeline.php:180
#44 \vendor\laravel\framework\src\Illuminate\Routing\Middleware\SubstituteBindings.php:50
#45 \vendor\laravel\framework\src\Illuminate\Pipeline\Pipeline.php:180
#46 \vendor\laravel\framework\src\Illuminate\Foundation\Http\Middleware\VerifyCsrfToken.php:78
#47 \vendor\laravel\framework\src\Illuminate\Pipeline\Pipeline.php:180
#48 \vendor\laravel\framework\src\Illuminate\View\Middleware\ShareErrorsFromSession.php:49
#49 \vendor\laravel\framework\src\Illuminate\Pipeline\Pipeline.php:180
  
[2023-09-05 13:57:31] local.INFO: Model: Modules\Option\Entities\Option
Relation: Modules\Option\Entities\OptionTranslation
Num-Called: 2
Call-Stack:
#24 \Modules\Cart\Http\Requests\StoreCartItemRequest.php:20
#25 \Modules\Core\Http\Requests\Request.php:62
#26 \Modules\Cart\Http\Requests\StoreCartItemRequest.php:99
#27 \vendor\laravel\framework\src\Illuminate\Foundation\Http\FormRequest.php:116
#28 \vendor\laravel\framework\src\Illuminate\Foundation\Http\FormRequest.php:92
#29 \vendor\laravel\framework\src\Illuminate\Validation\ValidatesWhenResolvedTrait.php:25
#30 \vendor\laravel\framework\src\Illuminate\Foundation\Providers\FormRequestServiceProvider.php:30
#31 \vendor\laravel\framework\src\Illuminate\Container\Container.php:1279
#32 \vendor\laravel\framework\src\Illuminate\Container\Container.php:1244
#33 \vendor\laravel\framework\src\Illuminate\Container\Container.php:1229
#34 \vendor\laravel\framework\src\Illuminate\Container\Container.php:790
#35 \vendor\laravel\framework\src\Illuminate\Foundation\Application.php:856
#36 \vendor\laravel\framework\src\Illuminate\Container\Container.php:706
#37 \vendor\laravel\framework\src\Illuminate\Foundation\Application.php:841
#38 \vendor\laravel\framework\src\Illuminate\Routing\RouteDependencyResolverTrait.php:85
#39 \vendor\laravel\framework\src\Illuminate\Routing\RouteDependencyResolverTrait.php:50
#40 \vendor\laravel\framework\src\Illuminate\Routing\RouteDependencyResolverTrait.php:30
#41 \vendor\laravel\framework\src\Illuminate\Routing\ControllerDispatcher.php:60
#42 \vendor\laravel\framework\src\Illuminate\Routing\ControllerDispatcher.php:40
#43 \vendor\laravel\framework\src\Illuminate\Routing\Route.php:260
#44 \vendor\laravel\framework\src\Illuminate\Routing\Route.php:205
#45 \vendor\laravel\framework\src\Illuminate\Routing\Router.php:798
#46 \vendor\laravel\framework\src\Illuminate\Pipeline\Pipeline.php:141
#47 \Modules\Cart\Http\Middleware\CheckProductIsInStock.php:43
#48 \vendor\laravel\framework\src\Illuminate\Pipeline\Pipeline.php:180
#49 \vendor\laravel\framework\src\Illuminate\Routing\Middleware\SubstituteBindings.php:50
  
[2023-09-05 13:57:31] local.INFO: Model: Modules\Option\Entities\Option
Relation: Modules\Option\Entities\OptionValue
Num-Called: 2
Call-Stack:
#24 \Modules\Cart\Http\Requests\StoreCartItemRequest.php:20
#25 \Modules\Core\Http\Requests\Request.php:62
#26 \Modules\Cart\Http\Requests\StoreCartItemRequest.php:99
#27 \vendor\laravel\framework\src\Illuminate\Foundation\Http\FormRequest.php:116
#28 \vendor\laravel\framework\src\Illuminate\Foundation\Http\FormRequest.php:92
#29 \vendor\laravel\framework\src\Illuminate\Validation\ValidatesWhenResolvedTrait.php:25
#30 \vendor\laravel\framework\src\Illuminate\Foundation\Providers\FormRequestServiceProvider.php:30
#31 \vendor\laravel\framework\src\Illuminate\Container\Container.php:1279
#32 \vendor\laravel\framework\src\Illuminate\Container\Container.php:1244
#33 \vendor\laravel\framework\src\Illuminate\Container\Container.php:1229
#34 \vendor\laravel\framework\src\Illuminate\Container\Container.php:790
#35 \vendor\laravel\framework\src\Illuminate\Foundation\Application.php:856
#36 \vendor\laravel\framework\src\Illuminate\Container\Container.php:706
#37 \vendor\laravel\framework\src\Illuminate\Foundation\Application.php:841
#38 \vendor\laravel\framework\src\Illuminate\Routing\RouteDependencyResolverTrait.php:85
#39 \vendor\laravel\framework\src\Illuminate\Routing\RouteDependencyResolverTrait.php:50
#40 \vendor\laravel\framework\src\Illuminate\Routing\RouteDependencyResolverTrait.php:30
#41 \vendor\laravel\framework\src\Illuminate\Routing\ControllerDispatcher.php:60
#42 \vendor\laravel\framework\src\Illuminate\Routing\ControllerDispatcher.php:40
#43 \vendor\laravel\framework\src\Illuminate\Routing\Route.php:260
#44 \vendor\laravel\framework\src\Illuminate\Routing\Route.php:205
#45 \vendor\laravel\framework\src\Illuminate\Routing\Router.php:798
#46 \vendor\laravel\framework\src\Illuminate\Pipeline\Pipeline.php:141
#47 \Modules\Cart\Http\Middleware\CheckProductIsInStock.php:43
#48 \vendor\laravel\framework\src\Illuminate\Pipeline\Pipeline.php:180
#49 \vendor\laravel\framework\src\Illuminate\Routing\Middleware\SubstituteBindings.php:50
  
[2023-09-05 13:57:31] local.INFO: Model: Modules\Option\Entities\OptionValue
Relation: Modules\Option\Entities\OptionValueTranslation
Num-Called: 2
Call-Stack:
#29 \Modules\Cart\Http\Requests\StoreCartItemRequest.php:20
#30 \Modules\Core\Http\Requests\Request.php:62
#31 \Modules\Cart\Http\Requests\StoreCartItemRequest.php:99
#32 \vendor\laravel\framework\src\Illuminate\Foundation\Http\FormRequest.php:116
#33 \vendor\laravel\framework\src\Illuminate\Foundation\Http\FormRequest.php:92
#34 \vendor\laravel\framework\src\Illuminate\Validation\ValidatesWhenResolvedTrait.php:25
#35 \vendor\laravel\framework\src\Illuminate\Foundation\Providers\FormRequestServiceProvider.php:30
#36 \vendor\laravel\framework\src\Illuminate\Container\Container.php:1279
#37 \vendor\laravel\framework\src\Illuminate\Container\Container.php:1244
#38 \vendor\laravel\framework\src\Illuminate\Container\Container.php:1229
#39 \vendor\laravel\framework\src\Illuminate\Container\Container.php:790
#40 \vendor\laravel\framework\src\Illuminate\Foundation\Application.php:856
#41 \vendor\laravel\framework\src\Illuminate\Container\Container.php:706
#42 \vendor\laravel\framework\src\Illuminate\Foundation\Application.php:841
#43 \vendor\laravel\framework\src\Illuminate\Routing\RouteDependencyResolverTrait.php:85
#44 \vendor\laravel\framework\src\Illuminate\Routing\RouteDependencyResolverTrait.php:50
#45 \vendor\laravel\framework\src\Illuminate\Routing\RouteDependencyResolverTrait.php:30
#46 \vendor\laravel\framework\src\Illuminate\Routing\ControllerDispatcher.php:60
#47 \vendor\laravel\framework\src\Illuminate\Routing\ControllerDispatcher.php:40
#48 \vendor\laravel\framework\src\Illuminate\Routing\Route.php:260
#49 \vendor\laravel\framework\src\Illuminate\Routing\Route.php:205
  
[2023-09-05 14:02:52] local.INFO: Detected N+1 Query  
[2023-09-05 14:02:52] local.INFO: Model: Modules\Product\Entities\Product
Relation: Modules\Product\Entities\ProductTranslation
Num-Called: 2
Call-Stack:
#20 \Modules\Cart\Http\Requests\StoreCartItemRequest.php:20
#21 \Modules\Core\Http\Requests\Request.php:62
#22 \Modules\Cart\Http\Requests\StoreCartItemRequest.php:99
#23 \vendor\laravel\framework\src\Illuminate\Foundation\Http\FormRequest.php:116
#24 \vendor\laravel\framework\src\Illuminate\Foundation\Http\FormRequest.php:92
#25 \vendor\laravel\framework\src\Illuminate\Validation\ValidatesWhenResolvedTrait.php:25
#26 \vendor\laravel\framework\src\Illuminate\Foundation\Providers\FormRequestServiceProvider.php:30
#27 \vendor\laravel\framework\src\Illuminate\Container\Container.php:1279
#28 \vendor\laravel\framework\src\Illuminate\Container\Container.php:1244
#29 \vendor\laravel\framework\src\Illuminate\Container\Container.php:1229
#30 \vendor\laravel\framework\src\Illuminate\Container\Container.php:790
#31 \vendor\laravel\framework\src\Illuminate\Foundation\Application.php:856
#32 \vendor\laravel\framework\src\Illuminate\Container\Container.php:706
#33 \vendor\laravel\framework\src\Illuminate\Foundation\Application.php:841
#34 \vendor\laravel\framework\src\Illuminate\Routing\RouteDependencyResolverTrait.php:85
#35 \vendor\laravel\framework\src\Illuminate\Routing\RouteDependencyResolverTrait.php:50
#36 \vendor\laravel\framework\src\Illuminate\Routing\RouteDependencyResolverTrait.php:30
#37 \vendor\laravel\framework\src\Illuminate\Routing\ControllerDispatcher.php:60
#38 \vendor\laravel\framework\src\Illuminate\Routing\ControllerDispatcher.php:40
#39 \vendor\laravel\framework\src\Illuminate\Routing\Route.php:260
#40 \vendor\laravel\framework\src\Illuminate\Routing\Route.php:205
#41 \vendor\laravel\framework\src\Illuminate\Routing\Router.php:798
#42 \vendor\laravel\framework\src\Illuminate\Pipeline\Pipeline.php:141
#43 \Modules\Cart\Http\Middleware\CheckProductIsInStock.php:43
#44 \vendor\laravel\framework\src\Illuminate\Pipeline\Pipeline.php:180
#45 \vendor\laravel\framework\src\Illuminate\Routing\Middleware\SubstituteBindings.php:50
#46 \vendor\laravel\framework\src\Illuminate\Pipeline\Pipeline.php:180
#47 \vendor\laravel\framework\src\Illuminate\Foundation\Http\Middleware\VerifyCsrfToken.php:78
#48 \vendor\laravel\framework\src\Illuminate\Pipeline\Pipeline.php:180
#49 \vendor\laravel\framework\src\Illuminate\View\Middleware\ShareErrorsFromSession.php:49
  
[2023-09-05 14:02:52] local.INFO: Model: Modules\Product\Entities\Product
Relation: Modules\Option\Entities\Option
Num-Called: 2
Call-Stack:
#19 \Modules\Cart\Http\Requests\StoreCartItemRequest.php:20
#20 \Modules\Core\Http\Requests\Request.php:62
#21 \Modules\Cart\Http\Requests\StoreCartItemRequest.php:99
#22 \vendor\laravel\framework\src\Illuminate\Foundation\Http\FormRequest.php:116
#23 \vendor\laravel\framework\src\Illuminate\Foundation\Http\FormRequest.php:92
#24 \vendor\laravel\framework\src\Illuminate\Validation\ValidatesWhenResolvedTrait.php:25
#25 \vendor\laravel\framework\src\Illuminate\Foundation\Providers\FormRequestServiceProvider.php:30
#26 \vendor\laravel\framework\src\Illuminate\Container\Container.php:1279
#27 \vendor\laravel\framework\src\Illuminate\Container\Container.php:1244
#28 \vendor\laravel\framework\src\Illuminate\Container\Container.php:1229
#29 \vendor\laravel\framework\src\Illuminate\Container\Container.php:790
#30 \vendor\laravel\framework\src\Illuminate\Foundation\Application.php:856
#31 \vendor\laravel\framework\src\Illuminate\Container\Container.php:706
#32 \vendor\laravel\framework\src\Illuminate\Foundation\Application.php:841
#33 \vendor\laravel\framework\src\Illuminate\Routing\RouteDependencyResolverTrait.php:85
#34 \vendor\laravel\framework\src\Illuminate\Routing\RouteDependencyResolverTrait.php:50
#35 \vendor\laravel\framework\src\Illuminate\Routing\RouteDependencyResolverTrait.php:30
#36 \vendor\laravel\framework\src\Illuminate\Routing\ControllerDispatcher.php:60
#37 \vendor\laravel\framework\src\Illuminate\Routing\ControllerDispatcher.php:40
#38 \vendor\laravel\framework\src\Illuminate\Routing\Route.php:260
#39 \vendor\laravel\framework\src\Illuminate\Routing\Route.php:205
#40 \vendor\laravel\framework\src\Illuminate\Routing\Router.php:798
#41 \vendor\laravel\framework\src\Illuminate\Pipeline\Pipeline.php:141
#42 \Modules\Cart\Http\Middleware\CheckProductIsInStock.php:43
#43 \vendor\laravel\framework\src\Illuminate\Pipeline\Pipeline.php:180
#44 \vendor\laravel\framework\src\Illuminate\Routing\Middleware\SubstituteBindings.php:50
#45 \vendor\laravel\framework\src\Illuminate\Pipeline\Pipeline.php:180
#46 \vendor\laravel\framework\src\Illuminate\Foundation\Http\Middleware\VerifyCsrfToken.php:78
#47 \vendor\laravel\framework\src\Illuminate\Pipeline\Pipeline.php:180
#48 \vendor\laravel\framework\src\Illuminate\View\Middleware\ShareErrorsFromSession.php:49
#49 \vendor\laravel\framework\src\Illuminate\Pipeline\Pipeline.php:180
  
[2023-09-05 14:02:52] local.INFO: Model: Modules\Option\Entities\Option
Relation: Modules\Option\Entities\OptionTranslation
Num-Called: 2
Call-Stack:
#24 \Modules\Cart\Http\Requests\StoreCartItemRequest.php:20
#25 \Modules\Core\Http\Requests\Request.php:62
#26 \Modules\Cart\Http\Requests\StoreCartItemRequest.php:99
#27 \vendor\laravel\framework\src\Illuminate\Foundation\Http\FormRequest.php:116
#28 \vendor\laravel\framework\src\Illuminate\Foundation\Http\FormRequest.php:92
#29 \vendor\laravel\framework\src\Illuminate\Validation\ValidatesWhenResolvedTrait.php:25
#30 \vendor\laravel\framework\src\Illuminate\Foundation\Providers\FormRequestServiceProvider.php:30
#31 \vendor\laravel\framework\src\Illuminate\Container\Container.php:1279
#32 \vendor\laravel\framework\src\Illuminate\Container\Container.php:1244
#33 \vendor\laravel\framework\src\Illuminate\Container\Container.php:1229
#34 \vendor\laravel\framework\src\Illuminate\Container\Container.php:790
#35 \vendor\laravel\framework\src\Illuminate\Foundation\Application.php:856
#36 \vendor\laravel\framework\src\Illuminate\Container\Container.php:706
#37 \vendor\laravel\framework\src\Illuminate\Foundation\Application.php:841
#38 \vendor\laravel\framework\src\Illuminate\Routing\RouteDependencyResolverTrait.php:85
#39 \vendor\laravel\framework\src\Illuminate\Routing\RouteDependencyResolverTrait.php:50
#40 \vendor\laravel\framework\src\Illuminate\Routing\RouteDependencyResolverTrait.php:30
#41 \vendor\laravel\framework\src\Illuminate\Routing\ControllerDispatcher.php:60
#42 \vendor\laravel\framework\src\Illuminate\Routing\ControllerDispatcher.php:40
#43 \vendor\laravel\framework\src\Illuminate\Routing\Route.php:260
#44 \vendor\laravel\framework\src\Illuminate\Routing\Route.php:205
#45 \vendor\laravel\framework\src\Illuminate\Routing\Router.php:798
#46 \vendor\laravel\framework\src\Illuminate\Pipeline\Pipeline.php:141
#47 \Modules\Cart\Http\Middleware\CheckProductIsInStock.php:43
#48 \vendor\laravel\framework\src\Illuminate\Pipeline\Pipeline.php:180
#49 \vendor\laravel\framework\src\Illuminate\Routing\Middleware\SubstituteBindings.php:50
  
[2023-09-05 14:02:52] local.INFO: Model: Modules\Option\Entities\Option
Relation: Modules\Option\Entities\OptionValue
Num-Called: 2
Call-Stack:
#24 \Modules\Cart\Http\Requests\StoreCartItemRequest.php:20
#25 \Modules\Core\Http\Requests\Request.php:62
#26 \Modules\Cart\Http\Requests\StoreCartItemRequest.php:99
#27 \vendor\laravel\framework\src\Illuminate\Foundation\Http\FormRequest.php:116
#28 \vendor\laravel\framework\src\Illuminate\Foundation\Http\FormRequest.php:92
#29 \vendor\laravel\framework\src\Illuminate\Validation\ValidatesWhenResolvedTrait.php:25
#30 \vendor\laravel\framework\src\Illuminate\Foundation\Providers\FormRequestServiceProvider.php:30
#31 \vendor\laravel\framework\src\Illuminate\Container\Container.php:1279
#32 \vendor\laravel\framework\src\Illuminate\Container\Container.php:1244
#33 \vendor\laravel\framework\src\Illuminate\Container\Container.php:1229
#34 \vendor\laravel\framework\src\Illuminate\Container\Container.php:790
#35 \vendor\laravel\framework\src\Illuminate\Foundation\Application.php:856
#36 \vendor\laravel\framework\src\Illuminate\Container\Container.php:706
#37 \vendor\laravel\framework\src\Illuminate\Foundation\Application.php:841
#38 \vendor\laravel\framework\src\Illuminate\Routing\RouteDependencyResolverTrait.php:85
#39 \vendor\laravel\framework\src\Illuminate\Routing\RouteDependencyResolverTrait.php:50
#40 \vendor\laravel\framework\src\Illuminate\Routing\RouteDependencyResolverTrait.php:30
#41 \vendor\laravel\framework\src\Illuminate\Routing\ControllerDispatcher.php:60
#42 \vendor\laravel\framework\src\Illuminate\Routing\ControllerDispatcher.php:40
#43 \vendor\laravel\framework\src\Illuminate\Routing\Route.php:260
#44 \vendor\laravel\framework\src\Illuminate\Routing\Route.php:205
#45 \vendor\laravel\framework\src\Illuminate\Routing\Router.php:798
#46 \vendor\laravel\framework\src\Illuminate\Pipeline\Pipeline.php:141
#47 \Modules\Cart\Http\Middleware\CheckProductIsInStock.php:43
#48 \vendor\laravel\framework\src\Illuminate\Pipeline\Pipeline.php:180
#49 \vendor\laravel\framework\src\Illuminate\Routing\Middleware\SubstituteBindings.php:50
  
[2023-09-05 14:02:52] local.INFO: Model: Modules\Option\Entities\OptionValue
Relation: Modules\Option\Entities\OptionValueTranslation
Num-Called: 2
Call-Stack:
#29 \Modules\Cart\Http\Requests\StoreCartItemRequest.php:20
#30 \Modules\Core\Http\Requests\Request.php:62
#31 \Modules\Cart\Http\Requests\StoreCartItemRequest.php:99
#32 \vendor\laravel\framework\src\Illuminate\Foundation\Http\FormRequest.php:116
#33 \vendor\laravel\framework\src\Illuminate\Foundation\Http\FormRequest.php:92
#34 \vendor\laravel\framework\src\Illuminate\Validation\ValidatesWhenResolvedTrait.php:25
#35 \vendor\laravel\framework\src\Illuminate\Foundation\Providers\FormRequestServiceProvider.php:30
#36 \vendor\laravel\framework\src\Illuminate\Container\Container.php:1279
#37 \vendor\laravel\framework\src\Illuminate\Container\Container.php:1244
#38 \vendor\laravel\framework\src\Illuminate\Container\Container.php:1229
#39 \vendor\laravel\framework\src\Illuminate\Container\Container.php:790
#40 \vendor\laravel\framework\src\Illuminate\Foundation\Application.php:856
#41 \vendor\laravel\framework\src\Illuminate\Container\Container.php:706
#42 \vendor\laravel\framework\src\Illuminate\Foundation\Application.php:841
#43 \vendor\laravel\framework\src\Illuminate\Routing\RouteDependencyResolverTrait.php:85
#44 \vendor\laravel\framework\src\Illuminate\Routing\RouteDependencyResolverTrait.php:50
#45 \vendor\laravel\framework\src\Illuminate\Routing\RouteDependencyResolverTrait.php:30
#46 \vendor\laravel\framework\src\Illuminate\Routing\ControllerDispatcher.php:60
#47 \vendor\laravel\framework\src\Illuminate\Routing\ControllerDispatcher.php:40
#48 \vendor\laravel\framework\src\Illuminate\Routing\Route.php:260
#49 \vendor\laravel\framework\src\Illuminate\Routing\Route.php:205
  
[2023-09-05 14:03:54] local.INFO: Detected N+1 Query  
[2023-09-05 14:03:54] local.INFO: Model: Modules\Product\Entities\Product
Relation: Modules\Product\Entities\ProductTranslation
Num-Called: 2
Call-Stack:
#20 \Modules\Cart\Http\Requests\StoreCartItemRequest.php:20
#21 \Modules\Core\Http\Requests\Request.php:62
#22 \Modules\Cart\Http\Requests\StoreCartItemRequest.php:99
#23 \vendor\laravel\framework\src\Illuminate\Foundation\Http\FormRequest.php:116
#24 \vendor\laravel\framework\src\Illuminate\Foundation\Http\FormRequest.php:92
#25 \vendor\laravel\framework\src\Illuminate\Validation\ValidatesWhenResolvedTrait.php:25
#26 \vendor\laravel\framework\src\Illuminate\Foundation\Providers\FormRequestServiceProvider.php:30
#27 \vendor\laravel\framework\src\Illuminate\Container\Container.php:1279
#28 \vendor\laravel\framework\src\Illuminate\Container\Container.php:1244
#29 \vendor\laravel\framework\src\Illuminate\Container\Container.php:1229
#30 \vendor\laravel\framework\src\Illuminate\Container\Container.php:790
#31 \vendor\laravel\framework\src\Illuminate\Foundation\Application.php:856
#32 \vendor\laravel\framework\src\Illuminate\Container\Container.php:706
#33 \vendor\laravel\framework\src\Illuminate\Foundation\Application.php:841
#34 \vendor\laravel\framework\src\Illuminate\Routing\RouteDependencyResolverTrait.php:85
#35 \vendor\laravel\framework\src\Illuminate\Routing\RouteDependencyResolverTrait.php:50
#36 \vendor\laravel\framework\src\Illuminate\Routing\RouteDependencyResolverTrait.php:30
#37 \vendor\laravel\framework\src\Illuminate\Routing\ControllerDispatcher.php:60
#38 \vendor\laravel\framework\src\Illuminate\Routing\ControllerDispatcher.php:40
#39 \vendor\laravel\framework\src\Illuminate\Routing\Route.php:260
#40 \vendor\laravel\framework\src\Illuminate\Routing\Route.php:205
#41 \vendor\laravel\framework\src\Illuminate\Routing\Router.php:798
#42 \vendor\laravel\framework\src\Illuminate\Pipeline\Pipeline.php:141
#43 \Modules\Cart\Http\Middleware\CheckProductIsInStock.php:43
#44 \vendor\laravel\framework\src\Illuminate\Pipeline\Pipeline.php:180
#45 \vendor\laravel\framework\src\Illuminate\Routing\Middleware\SubstituteBindings.php:50
#46 \vendor\laravel\framework\src\Illuminate\Pipeline\Pipeline.php:180
#47 \vendor\laravel\framework\src\Illuminate\Foundation\Http\Middleware\VerifyCsrfToken.php:78
#48 \vendor\laravel\framework\src\Illuminate\Pipeline\Pipeline.php:180
#49 \vendor\laravel\framework\src\Illuminate\View\Middleware\ShareErrorsFromSession.php:49
  
[2023-09-05 14:03:54] local.INFO: Model: Modules\Product\Entities\Product
Relation: Modules\Option\Entities\Option
Num-Called: 2
Call-Stack:
#19 \Modules\Cart\Http\Requests\StoreCartItemRequest.php:20
#20 \Modules\Core\Http\Requests\Request.php:62
#21 \Modules\Cart\Http\Requests\StoreCartItemRequest.php:99
#22 \vendor\laravel\framework\src\Illuminate\Foundation\Http\FormRequest.php:116
#23 \vendor\laravel\framework\src\Illuminate\Foundation\Http\FormRequest.php:92
#24 \vendor\laravel\framework\src\Illuminate\Validation\ValidatesWhenResolvedTrait.php:25
#25 \vendor\laravel\framework\src\Illuminate\Foundation\Providers\FormRequestServiceProvider.php:30
#26 \vendor\laravel\framework\src\Illuminate\Container\Container.php:1279
#27 \vendor\laravel\framework\src\Illuminate\Container\Container.php:1244
#28 \vendor\laravel\framework\src\Illuminate\Container\Container.php:1229
#29 \vendor\laravel\framework\src\Illuminate\Container\Container.php:790
#30 \vendor\laravel\framework\src\Illuminate\Foundation\Application.php:856
#31 \vendor\laravel\framework\src\Illuminate\Container\Container.php:706
#32 \vendor\laravel\framework\src\Illuminate\Foundation\Application.php:841
#33 \vendor\laravel\framework\src\Illuminate\Routing\RouteDependencyResolverTrait.php:85
#34 \vendor\laravel\framework\src\Illuminate\Routing\RouteDependencyResolverTrait.php:50
#35 \vendor\laravel\framework\src\Illuminate\Routing\RouteDependencyResolverTrait.php:30
#36 \vendor\laravel\framework\src\Illuminate\Routing\ControllerDispatcher.php:60
#37 \vendor\laravel\framework\src\Illuminate\Routing\ControllerDispatcher.php:40
#38 \vendor\laravel\framework\src\Illuminate\Routing\Route.php:260
#39 \vendor\laravel\framework\src\Illuminate\Routing\Route.php:205
#40 \vendor\laravel\framework\src\Illuminate\Routing\Router.php:798
#41 \vendor\laravel\framework\src\Illuminate\Pipeline\Pipeline.php:141
#42 \Modules\Cart\Http\Middleware\CheckProductIsInStock.php:43
#43 \vendor\laravel\framework\src\Illuminate\Pipeline\Pipeline.php:180
#44 \vendor\laravel\framework\src\Illuminate\Routing\Middleware\SubstituteBindings.php:50
#45 \vendor\laravel\framework\src\Illuminate\Pipeline\Pipeline.php:180
#46 \vendor\laravel\framework\src\Illuminate\Foundation\Http\Middleware\VerifyCsrfToken.php:78
#47 \vendor\laravel\framework\src\Illuminate\Pipeline\Pipeline.php:180
#48 \vendor\laravel\framework\src\Illuminate\View\Middleware\ShareErrorsFromSession.php:49
#49 \vendor\laravel\framework\src\Illuminate\Pipeline\Pipeline.php:180
  
[2023-09-05 14:03:54] local.INFO: Model: Modules\Option\Entities\Option
Relation: Modules\Option\Entities\OptionTranslation
Num-Called: 2
Call-Stack:
#24 \Modules\Cart\Http\Requests\StoreCartItemRequest.php:20
#25 \Modules\Core\Http\Requests\Request.php:62
#26 \Modules\Cart\Http\Requests\StoreCartItemRequest.php:99
#27 \vendor\laravel\framework\src\Illuminate\Foundation\Http\FormRequest.php:116
#28 \vendor\laravel\framework\src\Illuminate\Foundation\Http\FormRequest.php:92
#29 \vendor\laravel\framework\src\Illuminate\Validation\ValidatesWhenResolvedTrait.php:25
#30 \vendor\laravel\framework\src\Illuminate\Foundation\Providers\FormRequestServiceProvider.php:30
#31 \vendor\laravel\framework\src\Illuminate\Container\Container.php:1279
#32 \vendor\laravel\framework\src\Illuminate\Container\Container.php:1244
#33 \vendor\laravel\framework\src\Illuminate\Container\Container.php:1229
#34 \vendor\laravel\framework\src\Illuminate\Container\Container.php:790
#35 \vendor\laravel\framework\src\Illuminate\Foundation\Application.php:856
#36 \vendor\laravel\framework\src\Illuminate\Container\Container.php:706
#37 \vendor\laravel\framework\src\Illuminate\Foundation\Application.php:841
#38 \vendor\laravel\framework\src\Illuminate\Routing\RouteDependencyResolverTrait.php:85
#39 \vendor\laravel\framework\src\Illuminate\Routing\RouteDependencyResolverTrait.php:50
#40 \vendor\laravel\framework\src\Illuminate\Routing\RouteDependencyResolverTrait.php:30
#41 \vendor\laravel\framework\src\Illuminate\Routing\ControllerDispatcher.php:60
#42 \vendor\laravel\framework\src\Illuminate\Routing\ControllerDispatcher.php:40
#43 \vendor\laravel\framework\src\Illuminate\Routing\Route.php:260
#44 \vendor\laravel\framework\src\Illuminate\Routing\Route.php:205
#45 \vendor\laravel\framework\src\Illuminate\Routing\Router.php:798
#46 \vendor\laravel\framework\src\Illuminate\Pipeline\Pipeline.php:141
#47 \Modules\Cart\Http\Middleware\CheckProductIsInStock.php:43
#48 \vendor\laravel\framework\src\Illuminate\Pipeline\Pipeline.php:180
#49 \vendor\laravel\framework\src\Illuminate\Routing\Middleware\SubstituteBindings.php:50
  
[2023-09-05 14:03:54] local.INFO: Model: Modules\Option\Entities\Option
Relation: Modules\Option\Entities\OptionValue
Num-Called: 2
Call-Stack:
#24 \Modules\Cart\Http\Requests\StoreCartItemRequest.php:20
#25 \Modules\Core\Http\Requests\Request.php:62
#26 \Modules\Cart\Http\Requests\StoreCartItemRequest.php:99
#27 \vendor\laravel\framework\src\Illuminate\Foundation\Http\FormRequest.php:116
#28 \vendor\laravel\framework\src\Illuminate\Foundation\Http\FormRequest.php:92
#29 \vendor\laravel\framework\src\Illuminate\Validation\ValidatesWhenResolvedTrait.php:25
#30 \vendor\laravel\framework\src\Illuminate\Foundation\Providers\FormRequestServiceProvider.php:30
#31 \vendor\laravel\framework\src\Illuminate\Container\Container.php:1279
#32 \vendor\laravel\framework\src\Illuminate\Container\Container.php:1244
#33 \vendor\laravel\framework\src\Illuminate\Container\Container.php:1229
#34 \vendor\laravel\framework\src\Illuminate\Container\Container.php:790
#35 \vendor\laravel\framework\src\Illuminate\Foundation\Application.php:856
#36 \vendor\laravel\framework\src\Illuminate\Container\Container.php:706
#37 \vendor\laravel\framework\src\Illuminate\Foundation\Application.php:841
#38 \vendor\laravel\framework\src\Illuminate\Routing\RouteDependencyResolverTrait.php:85
#39 \vendor\laravel\framework\src\Illuminate\Routing\RouteDependencyResolverTrait.php:50
#40 \vendor\laravel\framework\src\Illuminate\Routing\RouteDependencyResolverTrait.php:30
#41 \vendor\laravel\framework\src\Illuminate\Routing\ControllerDispatcher.php:60
#42 \vendor\laravel\framework\src\Illuminate\Routing\ControllerDispatcher.php:40
#43 \vendor\laravel\framework\src\Illuminate\Routing\Route.php:260
#44 \vendor\laravel\framework\src\Illuminate\Routing\Route.php:205
#45 \vendor\laravel\framework\src\Illuminate\Routing\Router.php:798
#46 \vendor\laravel\framework\src\Illuminate\Pipeline\Pipeline.php:141
#47 \Modules\Cart\Http\Middleware\CheckProductIsInStock.php:43
#48 \vendor\laravel\framework\src\Illuminate\Pipeline\Pipeline.php:180
#49 \vendor\laravel\framework\src\Illuminate\Routing\Middleware\SubstituteBindings.php:50
  
[2023-09-05 14:03:54] local.INFO: Model: Modules\Option\Entities\OptionValue
Relation: Modules\Option\Entities\OptionValueTranslation
Num-Called: 2
Call-Stack:
#29 \Modules\Cart\Http\Requests\StoreCartItemRequest.php:20
#30 \Modules\Core\Http\Requests\Request.php:62
#31 \Modules\Cart\Http\Requests\StoreCartItemRequest.php:99
#32 \vendor\laravel\framework\src\Illuminate\Foundation\Http\FormRequest.php:116
#33 \vendor\laravel\framework\src\Illuminate\Foundation\Http\FormRequest.php:92
#34 \vendor\laravel\framework\src\Illuminate\Validation\ValidatesWhenResolvedTrait.php:25
#35 \vendor\laravel\framework\src\Illuminate\Foundation\Providers\FormRequestServiceProvider.php:30
#36 \vendor\laravel\framework\src\Illuminate\Container\Container.php:1279
#37 \vendor\laravel\framework\src\Illuminate\Container\Container.php:1244
#38 \vendor\laravel\framework\src\Illuminate\Container\Container.php:1229
#39 \vendor\laravel\framework\src\Illuminate\Container\Container.php:790
#40 \vendor\laravel\framework\src\Illuminate\Foundation\Application.php:856
#41 \vendor\laravel\framework\src\Illuminate\Container\Container.php:706
#42 \vendor\laravel\framework\src\Illuminate\Foundation\Application.php:841
#43 \vendor\laravel\framework\src\Illuminate\Routing\RouteDependencyResolverTrait.php:85
#44 \vendor\laravel\framework\src\Illuminate\Routing\RouteDependencyResolverTrait.php:50
#45 \vendor\laravel\framework\src\Illuminate\Routing\RouteDependencyResolverTrait.php:30
#46 \vendor\laravel\framework\src\Illuminate\Routing\ControllerDispatcher.php:60
#47 \vendor\laravel\framework\src\Illuminate\Routing\ControllerDispatcher.php:40
#48 \vendor\laravel\framework\src\Illuminate\Routing\Route.php:260
#49 \vendor\laravel\framework\src\Illuminate\Routing\Route.php:205
  
[2023-09-05 14:06:40] local.INFO: Detected N+1 Query  
[2023-09-05 14:06:40] local.INFO: Model: Modules\Product\Entities\Product
Relation: Modules\Product\Entities\ProductTranslation
Num-Called: 2
Call-Stack:
#20 \Modules\Cart\Http\Requests\StoreCartItemRequest.php:20
#21 \Modules\Core\Http\Requests\Request.php:62
#22 \Modules\Cart\Http\Requests\StoreCartItemRequest.php:99
#23 \vendor\laravel\framework\src\Illuminate\Foundation\Http\FormRequest.php:116
#24 \vendor\laravel\framework\src\Illuminate\Foundation\Http\FormRequest.php:92
#25 \vendor\laravel\framework\src\Illuminate\Validation\ValidatesWhenResolvedTrait.php:25
#26 \vendor\laravel\framework\src\Illuminate\Foundation\Providers\FormRequestServiceProvider.php:30
#27 \vendor\laravel\framework\src\Illuminate\Container\Container.php:1279
#28 \vendor\laravel\framework\src\Illuminate\Container\Container.php:1244
#29 \vendor\laravel\framework\src\Illuminate\Container\Container.php:1229
#30 \vendor\laravel\framework\src\Illuminate\Container\Container.php:790
#31 \vendor\laravel\framework\src\Illuminate\Foundation\Application.php:856
#32 \vendor\laravel\framework\src\Illuminate\Container\Container.php:706
#33 \vendor\laravel\framework\src\Illuminate\Foundation\Application.php:841
#34 \vendor\laravel\framework\src\Illuminate\Routing\RouteDependencyResolverTrait.php:85
#35 \vendor\laravel\framework\src\Illuminate\Routing\RouteDependencyResolverTrait.php:50
#36 \vendor\laravel\framework\src\Illuminate\Routing\RouteDependencyResolverTrait.php:30
#37 \vendor\laravel\framework\src\Illuminate\Routing\ControllerDispatcher.php:60
#38 \vendor\laravel\framework\src\Illuminate\Routing\ControllerDispatcher.php:40
#39 \vendor\laravel\framework\src\Illuminate\Routing\Route.php:260
#40 \vendor\laravel\framework\src\Illuminate\Routing\Route.php:205
#41 \vendor\laravel\framework\src\Illuminate\Routing\Router.php:798
#42 \vendor\laravel\framework\src\Illuminate\Pipeline\Pipeline.php:141
#43 \Modules\Cart\Http\Middleware\CheckProductIsInStock.php:43
#44 \vendor\laravel\framework\src\Illuminate\Pipeline\Pipeline.php:180
#45 \vendor\laravel\framework\src\Illuminate\Routing\Middleware\SubstituteBindings.php:50
#46 \vendor\laravel\framework\src\Illuminate\Pipeline\Pipeline.php:180
#47 \vendor\laravel\framework\src\Illuminate\Foundation\Http\Middleware\VerifyCsrfToken.php:78
#48 \vendor\laravel\framework\src\Illuminate\Pipeline\Pipeline.php:180
#49 \vendor\laravel\framework\src\Illuminate\View\Middleware\ShareErrorsFromSession.php:49
  
[2023-09-05 14:06:40] local.INFO: Model: Modules\Product\Entities\Product
Relation: Modules\Option\Entities\Option
Num-Called: 2
Call-Stack:
#19 \Modules\Cart\Http\Requests\StoreCartItemRequest.php:20
#20 \Modules\Core\Http\Requests\Request.php:62
#21 \Modules\Cart\Http\Requests\StoreCartItemRequest.php:99
#22 \vendor\laravel\framework\src\Illuminate\Foundation\Http\FormRequest.php:116
#23 \vendor\laravel\framework\src\Illuminate\Foundation\Http\FormRequest.php:92
#24 \vendor\laravel\framework\src\Illuminate\Validation\ValidatesWhenResolvedTrait.php:25
#25 \vendor\laravel\framework\src\Illuminate\Foundation\Providers\FormRequestServiceProvider.php:30
#26 \vendor\laravel\framework\src\Illuminate\Container\Container.php:1279
#27 \vendor\laravel\framework\src\Illuminate\Container\Container.php:1244
#28 \vendor\laravel\framework\src\Illuminate\Container\Container.php:1229
#29 \vendor\laravel\framework\src\Illuminate\Container\Container.php:790
#30 \vendor\laravel\framework\src\Illuminate\Foundation\Application.php:856
#31 \vendor\laravel\framework\src\Illuminate\Container\Container.php:706
#32 \vendor\laravel\framework\src\Illuminate\Foundation\Application.php:841
#33 \vendor\laravel\framework\src\Illuminate\Routing\RouteDependencyResolverTrait.php:85
#34 \vendor\laravel\framework\src\Illuminate\Routing\RouteDependencyResolverTrait.php:50
#35 \vendor\laravel\framework\src\Illuminate\Routing\RouteDependencyResolverTrait.php:30
#36 \vendor\laravel\framework\src\Illuminate\Routing\ControllerDispatcher.php:60
#37 \vendor\laravel\framework\src\Illuminate\Routing\ControllerDispatcher.php:40
#38 \vendor\laravel\framework\src\Illuminate\Routing\Route.php:260
#39 \vendor\laravel\framework\src\Illuminate\Routing\Route.php:205
#40 \vendor\laravel\framework\src\Illuminate\Routing\Router.php:798
#41 \vendor\laravel\framework\src\Illuminate\Pipeline\Pipeline.php:141
#42 \Modules\Cart\Http\Middleware\CheckProductIsInStock.php:43
#43 \vendor\laravel\framework\src\Illuminate\Pipeline\Pipeline.php:180
#44 \vendor\laravel\framework\src\Illuminate\Routing\Middleware\SubstituteBindings.php:50
#45 \vendor\laravel\framework\src\Illuminate\Pipeline\Pipeline.php:180
#46 \vendor\laravel\framework\src\Illuminate\Foundation\Http\Middleware\VerifyCsrfToken.php:78
#47 \vendor\laravel\framework\src\Illuminate\Pipeline\Pipeline.php:180
#48 \vendor\laravel\framework\src\Illuminate\View\Middleware\ShareErrorsFromSession.php:49
#49 \vendor\laravel\framework\src\Illuminate\Pipeline\Pipeline.php:180
  
[2023-09-05 14:06:40] local.INFO: Model: Modules\Option\Entities\Option
Relation: Modules\Option\Entities\OptionTranslation
Num-Called: 2
Call-Stack:
#24 \Modules\Cart\Http\Requests\StoreCartItemRequest.php:20
#25 \Modules\Core\Http\Requests\Request.php:62
#26 \Modules\Cart\Http\Requests\StoreCartItemRequest.php:99
#27 \vendor\laravel\framework\src\Illuminate\Foundation\Http\FormRequest.php:116
#28 \vendor\laravel\framework\src\Illuminate\Foundation\Http\FormRequest.php:92
#29 \vendor\laravel\framework\src\Illuminate\Validation\ValidatesWhenResolvedTrait.php:25
#30 \vendor\laravel\framework\src\Illuminate\Foundation\Providers\FormRequestServiceProvider.php:30
#31 \vendor\laravel\framework\src\Illuminate\Container\Container.php:1279
#32 \vendor\laravel\framework\src\Illuminate\Container\Container.php:1244
#33 \vendor\laravel\framework\src\Illuminate\Container\Container.php:1229
#34 \vendor\laravel\framework\src\Illuminate\Container\Container.php:790
#35 \vendor\laravel\framework\src\Illuminate\Foundation\Application.php:856
#36 \vendor\laravel\framework\src\Illuminate\Container\Container.php:706
#37 \vendor\laravel\framework\src\Illuminate\Foundation\Application.php:841
#38 \vendor\laravel\framework\src\Illuminate\Routing\RouteDependencyResolverTrait.php:85
#39 \vendor\laravel\framework\src\Illuminate\Routing\RouteDependencyResolverTrait.php:50
#40 \vendor\laravel\framework\src\Illuminate\Routing\RouteDependencyResolverTrait.php:30
#41 \vendor\laravel\framework\src\Illuminate\Routing\ControllerDispatcher.php:60
#42 \vendor\laravel\framework\src\Illuminate\Routing\ControllerDispatcher.php:40
#43 \vendor\laravel\framework\src\Illuminate\Routing\Route.php:260
#44 \vendor\laravel\framework\src\Illuminate\Routing\Route.php:205
#45 \vendor\laravel\framework\src\Illuminate\Routing\Router.php:798
#46 \vendor\laravel\framework\src\Illuminate\Pipeline\Pipeline.php:141
#47 \Modules\Cart\Http\Middleware\CheckProductIsInStock.php:43
#48 \vendor\laravel\framework\src\Illuminate\Pipeline\Pipeline.php:180
#49 \vendor\laravel\framework\src\Illuminate\Routing\Middleware\SubstituteBindings.php:50
  
[2023-09-05 14:06:40] local.INFO: Model: Modules\Option\Entities\Option
Relation: Modules\Option\Entities\OptionValue
Num-Called: 2
Call-Stack:
#24 \Modules\Cart\Http\Requests\StoreCartItemRequest.php:20
#25 \Modules\Core\Http\Requests\Request.php:62
#26 \Modules\Cart\Http\Requests\StoreCartItemRequest.php:99
#27 \vendor\laravel\framework\src\Illuminate\Foundation\Http\FormRequest.php:116
#28 \vendor\laravel\framework\src\Illuminate\Foundation\Http\FormRequest.php:92
#29 \vendor\laravel\framework\src\Illuminate\Validation\ValidatesWhenResolvedTrait.php:25
#30 \vendor\laravel\framework\src\Illuminate\Foundation\Providers\FormRequestServiceProvider.php:30
#31 \vendor\laravel\framework\src\Illuminate\Container\Container.php:1279
#32 \vendor\laravel\framework\src\Illuminate\Container\Container.php:1244
#33 \vendor\laravel\framework\src\Illuminate\Container\Container.php:1229
#34 \vendor\laravel\framework\src\Illuminate\Container\Container.php:790
#35 \vendor\laravel\framework\src\Illuminate\Foundation\Application.php:856
#36 \vendor\laravel\framework\src\Illuminate\Container\Container.php:706
#37 \vendor\laravel\framework\src\Illuminate\Foundation\Application.php:841
#38 \vendor\laravel\framework\src\Illuminate\Routing\RouteDependencyResolverTrait.php:85
#39 \vendor\laravel\framework\src\Illuminate\Routing\RouteDependencyResolverTrait.php:50
#40 \vendor\laravel\framework\src\Illuminate\Routing\RouteDependencyResolverTrait.php:30
#41 \vendor\laravel\framework\src\Illuminate\Routing\ControllerDispatcher.php:60
#42 \vendor\laravel\framework\src\Illuminate\Routing\ControllerDispatcher.php:40
#43 \vendor\laravel\framework\src\Illuminate\Routing\Route.php:260
#44 \vendor\laravel\framework\src\Illuminate\Routing\Route.php:205
#45 \vendor\laravel\framework\src\Illuminate\Routing\Router.php:798
#46 \vendor\laravel\framework\src\Illuminate\Pipeline\Pipeline.php:141
#47 \Modules\Cart\Http\Middleware\CheckProductIsInStock.php:43
#48 \vendor\laravel\framework\src\Illuminate\Pipeline\Pipeline.php:180
#49 \vendor\laravel\framework\src\Illuminate\Routing\Middleware\SubstituteBindings.php:50
  
[2023-09-05 14:06:40] local.INFO: Model: Modules\Option\Entities\OptionValue
Relation: Modules\Option\Entities\OptionValueTranslation
Num-Called: 2
Call-Stack:
#29 \Modules\Cart\Http\Requests\StoreCartItemRequest.php:20
#30 \Modules\Core\Http\Requests\Request.php:62
#31 \Modules\Cart\Http\Requests\StoreCartItemRequest.php:99
#32 \vendor\laravel\framework\src\Illuminate\Foundation\Http\FormRequest.php:116
#33 \vendor\laravel\framework\src\Illuminate\Foundation\Http\FormRequest.php:92
#34 \vendor\laravel\framework\src\Illuminate\Validation\ValidatesWhenResolvedTrait.php:25
#35 \vendor\laravel\framework\src\Illuminate\Foundation\Providers\FormRequestServiceProvider.php:30
#36 \vendor\laravel\framework\src\Illuminate\Container\Container.php:1279
#37 \vendor\laravel\framework\src\Illuminate\Container\Container.php:1244
#38 \vendor\laravel\framework\src\Illuminate\Container\Container.php:1229
#39 \vendor\laravel\framework\src\Illuminate\Container\Container.php:790
#40 \vendor\laravel\framework\src\Illuminate\Foundation\Application.php:856
#41 \vendor\laravel\framework\src\Illuminate\Container\Container.php:706
#42 \vendor\laravel\framework\src\Illuminate\Foundation\Application.php:841
#43 \vendor\laravel\framework\src\Illuminate\Routing\RouteDependencyResolverTrait.php:85
#44 \vendor\laravel\framework\src\Illuminate\Routing\RouteDependencyResolverTrait.php:50
#45 \vendor\laravel\framework\src\Illuminate\Routing\RouteDependencyResolverTrait.php:30
#46 \vendor\laravel\framework\src\Illuminate\Routing\ControllerDispatcher.php:60
#47 \vendor\laravel\framework\src\Illuminate\Routing\ControllerDispatcher.php:40
#48 \vendor\laravel\framework\src\Illuminate\Routing\Route.php:260
#49 \vendor\laravel\framework\src\Illuminate\Routing\Route.php:205
  
[2023-09-05 14:12:37] local.INFO: Detected N+1 Query  
[2023-09-05 14:12:37] local.INFO: Model: Modules\Product\Entities\Product
Relation: Modules\Product\Entities\ProductTranslation
Num-Called: 2
Call-Stack:
#20 \Modules\Cart\Http\Requests\StoreCartItemRequest.php:20
#21 \Modules\Core\Http\Requests\Request.php:62
#22 \Modules\Cart\Http\Requests\StoreCartItemRequest.php:99
#23 \vendor\laravel\framework\src\Illuminate\Foundation\Http\FormRequest.php:116
#24 \vendor\laravel\framework\src\Illuminate\Foundation\Http\FormRequest.php:92
#25 \vendor\laravel\framework\src\Illuminate\Validation\ValidatesWhenResolvedTrait.php:25
#26 \vendor\laravel\framework\src\Illuminate\Foundation\Providers\FormRequestServiceProvider.php:30
#27 \vendor\laravel\framework\src\Illuminate\Container\Container.php:1279
#28 \vendor\laravel\framework\src\Illuminate\Container\Container.php:1244
#29 \vendor\laravel\framework\src\Illuminate\Container\Container.php:1229
#30 \vendor\laravel\framework\src\Illuminate\Container\Container.php:790
#31 \vendor\laravel\framework\src\Illuminate\Foundation\Application.php:856
#32 \vendor\laravel\framework\src\Illuminate\Container\Container.php:706
#33 \vendor\laravel\framework\src\Illuminate\Foundation\Application.php:841
#34 \vendor\laravel\framework\src\Illuminate\Routing\RouteDependencyResolverTrait.php:85
#35 \vendor\laravel\framework\src\Illuminate\Routing\RouteDependencyResolverTrait.php:50
#36 \vendor\laravel\framework\src\Illuminate\Routing\RouteDependencyResolverTrait.php:30
#37 \vendor\laravel\framework\src\Illuminate\Routing\ControllerDispatcher.php:60
#38 \vendor\laravel\framework\src\Illuminate\Routing\ControllerDispatcher.php:40
#39 \vendor\laravel\framework\src\Illuminate\Routing\Route.php:260
#40 \vendor\laravel\framework\src\Illuminate\Routing\Route.php:205
#41 \vendor\laravel\framework\src\Illuminate\Routing\Router.php:798
#42 \vendor\laravel\framework\src\Illuminate\Pipeline\Pipeline.php:141
#43 \Modules\Cart\Http\Middleware\CheckProductIsInStock.php:43
#44 \vendor\laravel\framework\src\Illuminate\Pipeline\Pipeline.php:180
#45 \vendor\laravel\framework\src\Illuminate\Routing\Middleware\SubstituteBindings.php:50
#46 \vendor\laravel\framework\src\Illuminate\Pipeline\Pipeline.php:180
#47 \vendor\laravel\framework\src\Illuminate\Foundation\Http\Middleware\VerifyCsrfToken.php:78
#48 \vendor\laravel\framework\src\Illuminate\Pipeline\Pipeline.php:180
#49 \vendor\laravel\framework\src\Illuminate\View\Middleware\ShareErrorsFromSession.php:49
  
[2023-09-05 14:12:37] local.INFO: Model: Modules\Product\Entities\Product
Relation: Modules\Option\Entities\Option
Num-Called: 2
Call-Stack:
#19 \Modules\Cart\Http\Requests\StoreCartItemRequest.php:20
#20 \Modules\Core\Http\Requests\Request.php:62
#21 \Modules\Cart\Http\Requests\StoreCartItemRequest.php:99
#22 \vendor\laravel\framework\src\Illuminate\Foundation\Http\FormRequest.php:116
#23 \vendor\laravel\framework\src\Illuminate\Foundation\Http\FormRequest.php:92
#24 \vendor\laravel\framework\src\Illuminate\Validation\ValidatesWhenResolvedTrait.php:25
#25 \vendor\laravel\framework\src\Illuminate\Foundation\Providers\FormRequestServiceProvider.php:30
#26 \vendor\laravel\framework\src\Illuminate\Container\Container.php:1279
#27 \vendor\laravel\framework\src\Illuminate\Container\Container.php:1244
#28 \vendor\laravel\framework\src\Illuminate\Container\Container.php:1229
#29 \vendor\laravel\framework\src\Illuminate\Container\Container.php:790
#30 \vendor\laravel\framework\src\Illuminate\Foundation\Application.php:856
#31 \vendor\laravel\framework\src\Illuminate\Container\Container.php:706
#32 \vendor\laravel\framework\src\Illuminate\Foundation\Application.php:841
#33 \vendor\laravel\framework\src\Illuminate\Routing\RouteDependencyResolverTrait.php:85
#34 \vendor\laravel\framework\src\Illuminate\Routing\RouteDependencyResolverTrait.php:50
#35 \vendor\laravel\framework\src\Illuminate\Routing\RouteDependencyResolverTrait.php:30
#36 \vendor\laravel\framework\src\Illuminate\Routing\ControllerDispatcher.php:60
#37 \vendor\laravel\framework\src\Illuminate\Routing\ControllerDispatcher.php:40
#38 \vendor\laravel\framework\src\Illuminate\Routing\Route.php:260
#39 \vendor\laravel\framework\src\Illuminate\Routing\Route.php:205
#40 \vendor\laravel\framework\src\Illuminate\Routing\Router.php:798
#41 \vendor\laravel\framework\src\Illuminate\Pipeline\Pipeline.php:141
#42 \Modules\Cart\Http\Middleware\CheckProductIsInStock.php:43
#43 \vendor\laravel\framework\src\Illuminate\Pipeline\Pipeline.php:180
#44 \vendor\laravel\framework\src\Illuminate\Routing\Middleware\SubstituteBindings.php:50
#45 \vendor\laravel\framework\src\Illuminate\Pipeline\Pipeline.php:180
#46 \vendor\laravel\framework\src\Illuminate\Foundation\Http\Middleware\VerifyCsrfToken.php:78
#47 \vendor\laravel\framework\src\Illuminate\Pipeline\Pipeline.php:180
#48 \vendor\laravel\framework\src\Illuminate\View\Middleware\ShareErrorsFromSession.php:49
#49 \vendor\laravel\framework\src\Illuminate\Pipeline\Pipeline.php:180
  
[2023-09-05 14:12:37] local.INFO: Model: Modules\Option\Entities\Option
Relation: Modules\Option\Entities\OptionTranslation
Num-Called: 2
Call-Stack:
#24 \Modules\Cart\Http\Requests\StoreCartItemRequest.php:20
#25 \Modules\Core\Http\Requests\Request.php:62
#26 \Modules\Cart\Http\Requests\StoreCartItemRequest.php:99
#27 \vendor\laravel\framework\src\Illuminate\Foundation\Http\FormRequest.php:116
#28 \vendor\laravel\framework\src\Illuminate\Foundation\Http\FormRequest.php:92
#29 \vendor\laravel\framework\src\Illuminate\Validation\ValidatesWhenResolvedTrait.php:25
#30 \vendor\laravel\framework\src\Illuminate\Foundation\Providers\FormRequestServiceProvider.php:30
#31 \vendor\laravel\framework\src\Illuminate\Container\Container.php:1279
#32 \vendor\laravel\framework\src\Illuminate\Container\Container.php:1244
#33 \vendor\laravel\framework\src\Illuminate\Container\Container.php:1229
#34 \vendor\laravel\framework\src\Illuminate\Container\Container.php:790
#35 \vendor\laravel\framework\src\Illuminate\Foundation\Application.php:856
#36 \vendor\laravel\framework\src\Illuminate\Container\Container.php:706
#37 \vendor\laravel\framework\src\Illuminate\Foundation\Application.php:841
#38 \vendor\laravel\framework\src\Illuminate\Routing\RouteDependencyResolverTrait.php:85
#39 \vendor\laravel\framework\src\Illuminate\Routing\RouteDependencyResolverTrait.php:50
#40 \vendor\laravel\framework\src\Illuminate\Routing\RouteDependencyResolverTrait.php:30
#41 \vendor\laravel\framework\src\Illuminate\Routing\ControllerDispatcher.php:60
#42 \vendor\laravel\framework\src\Illuminate\Routing\ControllerDispatcher.php:40
#43 \vendor\laravel\framework\src\Illuminate\Routing\Route.php:260
#44 \vendor\laravel\framework\src\Illuminate\Routing\Route.php:205
#45 \vendor\laravel\framework\src\Illuminate\Routing\Router.php:798
#46 \vendor\laravel\framework\src\Illuminate\Pipeline\Pipeline.php:141
#47 \Modules\Cart\Http\Middleware\CheckProductIsInStock.php:43
#48 \vendor\laravel\framework\src\Illuminate\Pipeline\Pipeline.php:180
#49 \vendor\laravel\framework\src\Illuminate\Routing\Middleware\SubstituteBindings.php:50
  
[2023-09-05 14:12:37] local.INFO: Model: Modules\Option\Entities\Option
Relation: Modules\Option\Entities\OptionValue
Num-Called: 2
Call-Stack:
#24 \Modules\Cart\Http\Requests\StoreCartItemRequest.php:20
#25 \Modules\Core\Http\Requests\Request.php:62
#26 \Modules\Cart\Http\Requests\StoreCartItemRequest.php:99
#27 \vendor\laravel\framework\src\Illuminate\Foundation\Http\FormRequest.php:116
#28 \vendor\laravel\framework\src\Illuminate\Foundation\Http\FormRequest.php:92
#29 \vendor\laravel\framework\src\Illuminate\Validation\ValidatesWhenResolvedTrait.php:25
#30 \vendor\laravel\framework\src\Illuminate\Foundation\Providers\FormRequestServiceProvider.php:30
#31 \vendor\laravel\framework\src\Illuminate\Container\Container.php:1279
#32 \vendor\laravel\framework\src\Illuminate\Container\Container.php:1244
#33 \vendor\laravel\framework\src\Illuminate\Container\Container.php:1229
#34 \vendor\laravel\framework\src\Illuminate\Container\Container.php:790
#35 \vendor\laravel\framework\src\Illuminate\Foundation\Application.php:856
#36 \vendor\laravel\framework\src\Illuminate\Container\Container.php:706
#37 \vendor\laravel\framework\src\Illuminate\Foundation\Application.php:841
#38 \vendor\laravel\framework\src\Illuminate\Routing\RouteDependencyResolverTrait.php:85
#39 \vendor\laravel\framework\src\Illuminate\Routing\RouteDependencyResolverTrait.php:50
#40 \vendor\laravel\framework\src\Illuminate\Routing\RouteDependencyResolverTrait.php:30
#41 \vendor\laravel\framework\src\Illuminate\Routing\ControllerDispatcher.php:60
#42 \vendor\laravel\framework\src\Illuminate\Routing\ControllerDispatcher.php:40
#43 \vendor\laravel\framework\src\Illuminate\Routing\Route.php:260
#44 \vendor\laravel\framework\src\Illuminate\Routing\Route.php:205
#45 \vendor\laravel\framework\src\Illuminate\Routing\Router.php:798
#46 \vendor\laravel\framework\src\Illuminate\Pipeline\Pipeline.php:141
#47 \Modules\Cart\Http\Middleware\CheckProductIsInStock.php:43
#48 \vendor\laravel\framework\src\Illuminate\Pipeline\Pipeline.php:180
#49 \vendor\laravel\framework\src\Illuminate\Routing\Middleware\SubstituteBindings.php:50
  
[2023-09-05 14:12:37] local.INFO: Model: Modules\Option\Entities\OptionValue
Relation: Modules\Option\Entities\OptionValueTranslation
Num-Called: 2
Call-Stack:
#29 \Modules\Cart\Http\Requests\StoreCartItemRequest.php:20
#30 \Modules\Core\Http\Requests\Request.php:62
#31 \Modules\Cart\Http\Requests\StoreCartItemRequest.php:99
#32 \vendor\laravel\framework\src\Illuminate\Foundation\Http\FormRequest.php:116
#33 \vendor\laravel\framework\src\Illuminate\Foundation\Http\FormRequest.php:92
#34 \vendor\laravel\framework\src\Illuminate\Validation\ValidatesWhenResolvedTrait.php:25
#35 \vendor\laravel\framework\src\Illuminate\Foundation\Providers\FormRequestServiceProvider.php:30
#36 \vendor\laravel\framework\src\Illuminate\Container\Container.php:1279
#37 \vendor\laravel\framework\src\Illuminate\Container\Container.php:1244
#38 \vendor\laravel\framework\src\Illuminate\Container\Container.php:1229
#39 \vendor\laravel\framework\src\Illuminate\Container\Container.php:790
#40 \vendor\laravel\framework\src\Illuminate\Foundation\Application.php:856
#41 \vendor\laravel\framework\src\Illuminate\Container\Container.php:706
#42 \vendor\laravel\framework\src\Illuminate\Foundation\Application.php:841
#43 \vendor\laravel\framework\src\Illuminate\Routing\RouteDependencyResolverTrait.php:85
#44 \vendor\laravel\framework\src\Illuminate\Routing\RouteDependencyResolverTrait.php:50
#45 \vendor\laravel\framework\src\Illuminate\Routing\RouteDependencyResolverTrait.php:30
#46 \vendor\laravel\framework\src\Illuminate\Routing\ControllerDispatcher.php:60
#47 \vendor\laravel\framework\src\Illuminate\Routing\ControllerDispatcher.php:40
#48 \vendor\laravel\framework\src\Illuminate\Routing\Route.php:260
#49 \vendor\laravel\framework\src\Illuminate\Routing\Route.php:205
  
[2023-09-05 14:18:45] local.INFO: Detected N+1 Query  
[2023-09-05 14:18:45] local.INFO: Model: Modules\Brand\Entities\Brand
Relation: files
Num-Called: 2
Call-Stack:
#16 \vendor\astrotomic\laravel-translatable\src\Translatable\Translatable.php:161
#18 \Modules\Brand\Entities\Brand.php:106
#23 \vendor\astrotomic\laravel-translatable\src\Translatable\Translatable.php:161
#25 \Modules\Brand\Admin\BrandTable.php:20
#26 \vendor\laravel\framework\src\Illuminate\Container\BoundMethod.php:36
#27 \vendor\laravel\framework\src\Illuminate\Container\Util.php:41
#28 \vendor\laravel\framework\src\Illuminate\Container\BoundMethod.php:81
#29 \vendor\laravel\framework\src\Illuminate\Container\BoundMethod.php:37
#30 \vendor\laravel\framework\src\Illuminate\Container\Container.php:661
#31 \vendor\yajra\laravel-datatables-oracle\src\Utilities\Helper.php:107
#32 \vendor\yajra\laravel-datatables-oracle\src\Processors\DataProcessor.php:157
#33 \vendor\yajra\laravel-datatables-oracle\src\Processors\DataProcessor.php:122
#34 \vendor\yajra\laravel-datatables-oracle\src\DataTableAbstract.php:892
#35 \vendor\yajra\laravel-datatables-oracle\src\QueryDataTable.php:108
#36 \vendor\yajra\laravel-datatables-oracle\src\DataTableAbstract.php:713
#37 \Modules\Admin\Ui\AdminTable.php:86
#38 \vendor\laravel\framework\src\Illuminate\Routing\Router.php:888
#39 \vendor\laravel\framework\src\Illuminate\Routing\Router.php:875
#40 \vendor\laravel\framework\src\Illuminate\Routing\Router.php:798
#41 \vendor\laravel\framework\src\Illuminate\Pipeline\Pipeline.php:141
#42 \Modules\Core\Http\Middleware\Authorization.php:23
#43 \vendor\laravel\framework\src\Illuminate\Pipeline\Pipeline.php:180
#44 \Modules\Core\Http\Middleware\AdminMiddleware.php:33
#45 \vendor\laravel\framework\src\Illuminate\Pipeline\Pipeline.php:180
#46 \vendor\laravel\framework\src\Illuminate\Routing\Middleware\SubstituteBindings.php:50
#47 \vendor\laravel\framework\src\Illuminate\Pipeline\Pipeline.php:180
#48 \vendor\laravel\framework\src\Illuminate\Foundation\Http\Middleware\VerifyCsrfToken.php:78
#49 \vendor\laravel\framework\src\Illuminate\Pipeline\Pipeline.php:180
  
